This is pdfTeX, Version 3.141592653-2.6-1.40.27 (TeX Live 2025) (preloaded format=pdflatex 2025.3.17)  19 MAR 2025 19:10
entering extended mode
 restricted \write18 enabled.
 file:line:error style messages enabled.
 %&-line parsing enabled.
**d:/VS/Master_Thesis_Final/main.tex
(d:/VS/Master_Thesis_Final/main.tex
LaTeX2e <2024-11-01> patch level 2
L3 programming layer <2025-01-18>
(c:/texlive/2025/texmf-dist/tex/latex/base/report.cls
Document Class: report 2024/06/29 v1.4n Standard LaTeX document class
(c:/texlive/2025/texmf-dist/tex/latex/base/size11.clo
File: size11.clo 2024/06/29 v1.4n Standard LaTeX file (size option)
)
\c@part=\count196
\c@chapter=\count197
\c@section=\count198
\c@subsection=\count199
\c@subsubsection=\count266
\c@paragraph=\count267
\c@subparagraph=\count268
\c@figure=\count269
\c@table=\count270
\abovecaptionskip=\skip49
\belowcaptionskip=\skip50
\bibindent=\dimen141
) (c:/texlive/2025/texmf-dist/tex/latex/geometry/geometry.sty
Package: geometry 2020/01/02 v5.9 Page Geometry
 (c:/texlive/2025/texmf-dist/tex/latex/graphics/keyval.sty
Package: keyval 2022/05/29 v1.15 key=value parser (DPC)
\KV@toks@=\toks17
) (c:/texlive/2025/texmf-dist/tex/generic/iftex/ifvtex.sty
Package: ifvtex 2019/10/25 v1.7 ifvtex legacy package. Use iftex instead.
 (c:/texlive/2025/texmf-dist/tex/generic/iftex/iftex.sty
Package: iftex 2024/12/12 v1.0g TeX engine tests
))
\Gm@cnth=\count271
\Gm@cntv=\count272
\c@Gm@tempcnt=\count273
\Gm@bindingoffset=\dimen142
\Gm@wd@mp=\dimen143
\Gm@odd@mp=\dimen144
\Gm@even@mp=\dimen145
\Gm@layoutwidth=\dimen146
\Gm@layoutheight=\dimen147
\Gm@layouthoffset=\dimen148
\Gm@layoutvoffset=\dimen149
\Gm@dimlist=\toks18
) (c:/texlive/2025/texmf-dist/tex/latex/amsmath/amsmath.sty
Package: amsmath 2024/11/05 v2.17t AMS math features
\@mathmargin=\skip51

For additional information on amsmath, use the `?' option.
(c:/texlive/2025/texmf-dist/tex/latex/amsmath/amstext.sty
Package: amstext 2021/08/26 v2.01 AMS text
 (c:/texlive/2025/texmf-dist/tex/latex/amsmath/amsgen.sty
File: amsgen.sty 1999/11/30 v2.0 generic functions
\@emptytoks=\toks19
\ex@=\dimen150
)) (c:/texlive/2025/texmf-dist/tex/latex/amsmath/amsbsy.sty
Package: amsbsy 1999/11/29 v1.2d Bold Symbols
\pmbraise@=\dimen151
) (c:/texlive/2025/texmf-dist/tex/latex/amsmath/amsopn.sty
Package: amsopn 2022/04/08 v2.04 operator names
)
\inf@bad=\count274
LaTeX Info: Redefining \frac on input line 233.
\uproot@=\count275
\leftroot@=\count276
LaTeX Info: Redefining \overline on input line 398.
LaTeX Info: Redefining \colon on input line 409.
\classnum@=\count277
\DOTSCASE@=\count278
LaTeX Info: Redefining \ldots on input line 495.
LaTeX Info: Redefining \dots on input line 498.
LaTeX Info: Redefining \cdots on input line 619.
\Mathstrutbox@=\box52
\strutbox@=\box53
LaTeX Info: Redefining \big on input line 721.
LaTeX Info: Redefining \Big on input line 722.
LaTeX Info: Redefining \bigg on input line 723.
LaTeX Info: Redefining \Bigg on input line 724.
\big@size=\dimen152
LaTeX Font Info:    Redeclaring font encoding OML on input line 742.
LaTeX Font Info:    Redeclaring font encoding OMS on input line 743.
\macc@depth=\count279
LaTeX Info: Redefining \bmod on input line 904.
LaTeX Info: Redefining \pmod on input line 909.
LaTeX Info: Redefining \smash on input line 939.
LaTeX Info: Redefining \relbar on input line 969.
LaTeX Info: Redefining \Relbar on input line 970.
\c@MaxMatrixCols=\count280
\dotsspace@=\muskip17
\c@parentequation=\count281
\dspbrk@lvl=\count282
\tag@help=\toks20
\row@=\count283
\column@=\count284
\maxfields@=\count285
\andhelp@=\toks21
\eqnshift@=\dimen153
\alignsep@=\dimen154
\tagshift@=\dimen155
\tagwidth@=\dimen156
\totwidth@=\dimen157
\lineht@=\dimen158
\@envbody=\toks22
\multlinegap=\skip52
\multlinetaggap=\skip53
\mathdisplay@stack=\toks23
LaTeX Info: Redefining \[ on input line 2953.
LaTeX Info: Redefining \] on input line 2954.
) (c:/texlive/2025/texmf-dist/tex/latex/cite/cite.sty
LaTeX Info: Redefining \cite on input line 302.
LaTeX Info: Redefining \nocite on input line 332.
Package: cite 2015/02/27  v 5.5
) (c:/texlive/2025/texmf-dist/tex/latex/psnfss/courier.sty
Package: courier 2020/03/25 PSNFSS-v9.3 (WaS) 
) (c:/texlive/2025/texmf-dist/tex/latex/caption/caption.sty
Package: caption 2023/08/05 v3.6o Customizing captions (AR)
 (c:/texlive/2025/texmf-dist/tex/latex/caption/caption3.sty
Package: caption3 2023/07/31 v2.4d caption3 kernel (AR)
\caption@tempdima=\dimen159
\captionmargin=\dimen160
\caption@leftmargin=\dimen161
\caption@rightmargin=\dimen162
\caption@width=\dimen163
\caption@indent=\dimen164
\caption@parindent=\dimen165
\caption@hangindent=\dimen166
Package caption Info: Standard document class detected.
)
\c@caption@flags=\count286
\c@continuedfloat=\count287
) (c:/texlive/2025/texmf-dist/tex/latex/graphics/graphicx.sty
Package: graphicx 2021/09/16 v1.2d Enhanced LaTeX Graphics (DPC,SPQR)
 (c:/texlive/2025/texmf-dist/tex/latex/graphics/graphics.sty
Package: graphics 2024/08/06 v1.4g Standard LaTeX Graphics (DPC,SPQR)
 (c:/texlive/2025/texmf-dist/tex/latex/graphics/trig.sty
Package: trig 2023/12/02 v1.11 sin cos tan (DPC)
) (c:/texlive/2025/texmf-dist/tex/latex/graphics-cfg/graphics.cfg
File: graphics.cfg 2016/06/04 v1.11 sample graphics configuration
)
Package graphics Info: Driver file: pdftex.def on input line 106.
 (c:/texlive/2025/texmf-dist/tex/latex/graphics-def/pdftex.def
File: pdftex.def 2024/04/13 v1.2c Graphics/color driver for pdftex
))
\Gin@req@height=\dimen167
\Gin@req@width=\dimen168
) (c:/texlive/2025/texmf-dist/tex/latex/todonotes/todonotes.sty
Package: todonotes 2024/01/05 v1.1.7 Todonotes source and documentation.
Package: todonotes 2024/01/05
 (c:/texlive/2025/texmf-dist/tex/latex/base/ifthen.sty
Package: ifthen 2024/03/16 v1.1e Standard LaTeX ifthen package (DPC)
) (c:/texlive/2025/texmf-dist/tex/latex/xkeyval/xkeyval.sty
Package: xkeyval 2022/06/16 v2.9 package option processing (HA)
 (c:/texlive/2025/texmf-dist/tex/generic/xkeyval/xkeyval.tex (c:/texlive/2025/texmf-dist/tex/generic/xkeyval/xkvutils.tex
\XKV@toks=\toks24
\XKV@tempa@toks=\toks25
)
\XKV@depth=\count288
File: xkeyval.tex 2014/12/03 v2.7a key=value parser (HA)
)) (c:/texlive/2025/texmf-dist/tex/latex/xcolor/xcolor.sty
Package: xcolor 2024/09/29 v3.02 LaTeX color extensions (UK)
 (c:/texlive/2025/texmf-dist/tex/latex/graphics-cfg/color.cfg
File: color.cfg 2016/01/02 v1.6 sample color configuration
)
Package xcolor Info: Driver file: pdftex.def on input line 274.
 (c:/texlive/2025/texmf-dist/tex/latex/graphics/mathcolor.ltx)
Package xcolor Info: Model `cmy' substituted by `cmy0' on input line 1349.
Package xcolor Info: Model `hsb' substituted by `rgb' on input line 1353.
Package xcolor Info: Model `RGB' extended on input line 1365.
Package xcolor Info: Model `HTML' substituted by `rgb' on input line 1367.
Package xcolor Info: Model `Hsb' substituted by `hsb' on input line 1368.
Package xcolor Info: Model `tHsb' substituted by `hsb' on input line 1369.
Package xcolor Info: Model `HSB' substituted by `hsb' on input line 1370.
Package xcolor Info: Model `Gray' substituted by `gray' on input line 1371.
Package xcolor Info: Model `wave' substituted by `hsb' on input line 1372.
) (c:/texlive/2025/texmf-dist/tex/latex/pgf/frontendlayer/tikz.sty (c:/texlive/2025/texmf-dist/tex/latex/pgf/basiclayer/pgf.sty (c:/texlive/2025/texmf-dist/tex/latex/pgf/utilities/pgfrcs.sty (c:/texlive/2025/texmf-dist/tex/generic/pgf/utilities/pgfutil-common.tex
\pgfutil@everybye=\toks26
\pgfutil@tempdima=\dimen169
\pgfutil@tempdimb=\dimen170
) (c:/texlive/2025/texmf-dist/tex/generic/pgf/utilities/pgfutil-latex.def
\pgfutil@abb=\box54
) (c:/texlive/2025/texmf-dist/tex/generic/pgf/utilities/pgfrcs.code.tex (c:/texlive/2025/texmf-dist/tex/generic/pgf/pgf.revision.tex)
Package: pgfrcs 2023-01-15 v3.1.10 (3.1.10)
))
Package: pgf 2023-01-15 v3.1.10 (3.1.10)
 (c:/texlive/2025/texmf-dist/tex/latex/pgf/basiclayer/pgfcore.sty (c:/texlive/2025/texmf-dist/tex/latex/pgf/systemlayer/pgfsys.sty (c:/texlive/2025/texmf-dist/tex/generic/pgf/systemlayer/pgfsys.code.tex
Package: pgfsys 2023-01-15 v3.1.10 (3.1.10)
 (c:/texlive/2025/texmf-dist/tex/generic/pgf/utilities/pgfkeys.code.tex
\pgfkeys@pathtoks=\toks27
\pgfkeys@temptoks=\toks28
 (c:/texlive/2025/texmf-dist/tex/generic/pgf/utilities/pgfkeyslibraryfiltered.code.tex
\pgfkeys@tmptoks=\toks29
))
\pgf@x=\dimen171
\pgf@y=\dimen172
\pgf@xa=\dimen173
\pgf@ya=\dimen174
\pgf@xb=\dimen175
\pgf@yb=\dimen176
\pgf@xc=\dimen177
\pgf@yc=\dimen178
\pgf@xd=\dimen179
\pgf@yd=\dimen180
\w@pgf@writea=\write3
\r@pgf@reada=\read2
\c@pgf@counta=\count289
\c@pgf@countb=\count290
\c@pgf@countc=\count291
\c@pgf@countd=\count292
\t@pgf@toka=\toks30
\t@pgf@tokb=\toks31
\t@pgf@tokc=\toks32
\pgf@sys@id@count=\count293
 (c:/texlive/2025/texmf-dist/tex/generic/pgf/systemlayer/pgf.cfg
File: pgf.cfg 2023-01-15 v3.1.10 (3.1.10)
)
Driver file for pgf: pgfsys-pdftex.def
 (c:/texlive/2025/texmf-dist/tex/generic/pgf/systemlayer/pgfsys-pdftex.def
File: pgfsys-pdftex.def 2023-01-15 v3.1.10 (3.1.10)
 (c:/texlive/2025/texmf-dist/tex/generic/pgf/systemlayer/pgfsys-common-pdf.def
File: pgfsys-common-pdf.def 2023-01-15 v3.1.10 (3.1.10)
))) (c:/texlive/2025/texmf-dist/tex/generic/pgf/systemlayer/pgfsyssoftpath.code.tex
File: pgfsyssoftpath.code.tex 2023-01-15 v3.1.10 (3.1.10)
\pgfsyssoftpath@smallbuffer@items=\count294
\pgfsyssoftpath@bigbuffer@items=\count295
) (c:/texlive/2025/texmf-dist/tex/generic/pgf/systemlayer/pgfsysprotocol.code.tex
File: pgfsysprotocol.code.tex 2023-01-15 v3.1.10 (3.1.10)
)) (c:/texlive/2025/texmf-dist/tex/generic/pgf/basiclayer/pgfcore.code.tex
Package: pgfcore 2023-01-15 v3.1.10 (3.1.10)
 (c:/texlive/2025/texmf-dist/tex/generic/pgf/math/pgfmath.code.tex (c:/texlive/2025/texmf-dist/tex/generic/pgf/math/pgfmathutil.code.tex) (c:/texlive/2025/texmf-dist/tex/generic/pgf/math/pgfmathparser.code.tex
\pgfmath@dimen=\dimen181
\pgfmath@count=\count296
\pgfmath@box=\box55
\pgfmath@toks=\toks33
\pgfmath@stack@operand=\toks34
\pgfmath@stack@operation=\toks35
) (c:/texlive/2025/texmf-dist/tex/generic/pgf/math/pgfmathfunctions.code.tex) (c:/texlive/2025/texmf-dist/tex/generic/pgf/math/pgfmathfunctions.basic.code.tex) (c:/texlive/2025/texmf-dist/tex/generic/pgf/math/pgfmathfunctions.trigonometric.code.tex) (c:/texlive/2025/texmf-dist/tex/generic/pgf/math/pgfmathfunctions.random.code.tex) (c:/texlive/2025/texmf-dist/tex/generic/pgf/math/pgfmathfunctions.comparison.code.tex) (c:/texlive/2025/texmf-dist/tex/generic/pgf/math/pgfmathfunctions.base.code.tex) (c:/texlive/2025/texmf-dist/tex/generic/pgf/math/pgfmathfunctions.round.code.tex) (c:/texlive/2025/texmf-dist/tex/generic/pgf/math/pgfmathfunctions.misc.code.tex) (c:/texlive/2025/texmf-dist/tex/generic/pgf/math/pgfmathfunctions.integerarithmetics.code.tex) (c:/texlive/2025/texmf-dist/tex/generic/pgf/math/pgfmathcalc.code.tex) (c:/texlive/2025/texmf-dist/tex/generic/pgf/math/pgfmathfloat.code.tex
\c@pgfmathroundto@lastzeros=\count297
)) (c:/texlive/2025/texmf-dist/tex/generic/pgf/math/pgfint.code.tex) (c:/texlive/2025/texmf-dist/tex/generic/pgf/basiclayer/pgfcorepoints.code.tex
File: pgfcorepoints.code.tex 2023-01-15 v3.1.10 (3.1.10)
\pgf@picminx=\dimen182
\pgf@picmaxx=\dimen183
\pgf@picminy=\dimen184
\pgf@picmaxy=\dimen185
\pgf@pathminx=\dimen186
\pgf@pathmaxx=\dimen187
\pgf@pathminy=\dimen188
\pgf@pathmaxy=\dimen189
\pgf@xx=\dimen190
\pgf@xy=\dimen191
\pgf@yx=\dimen192
\pgf@yy=\dimen193
\pgf@zx=\dimen194
\pgf@zy=\dimen195
) (c:/texlive/2025/texmf-dist/tex/generic/pgf/basiclayer/pgfcorepathconstruct.code.tex
File: pgfcorepathconstruct.code.tex 2023-01-15 v3.1.10 (3.1.10)
\pgf@path@lastx=\dimen196
\pgf@path@lasty=\dimen197
) (c:/texlive/2025/texmf-dist/tex/generic/pgf/basiclayer/pgfcorepathusage.code.tex
File: pgfcorepathusage.code.tex 2023-01-15 v3.1.10 (3.1.10)
\pgf@shorten@end@additional=\dimen198
\pgf@shorten@start@additional=\dimen199
) (c:/texlive/2025/texmf-dist/tex/generic/pgf/basiclayer/pgfcorescopes.code.tex
File: pgfcorescopes.code.tex 2023-01-15 v3.1.10 (3.1.10)
\pgfpic=\box56
\pgf@hbox=\box57
\pgf@layerbox@main=\box58
\pgf@picture@serial@count=\count298
) (c:/texlive/2025/texmf-dist/tex/generic/pgf/basiclayer/pgfcoregraphicstate.code.tex
File: pgfcoregraphicstate.code.tex 2023-01-15 v3.1.10 (3.1.10)
\pgflinewidth=\dimen256
) (c:/texlive/2025/texmf-dist/tex/generic/pgf/basiclayer/pgfcoretransformations.code.tex
File: pgfcoretransformations.code.tex 2023-01-15 v3.1.10 (3.1.10)
\pgf@pt@x=\dimen257
\pgf@pt@y=\dimen258
\pgf@pt@temp=\dimen259
) (c:/texlive/2025/texmf-dist/tex/generic/pgf/basiclayer/pgfcorequick.code.tex
File: pgfcorequick.code.tex 2023-01-15 v3.1.10 (3.1.10)
) (c:/texlive/2025/texmf-dist/tex/generic/pgf/basiclayer/pgfcoreobjects.code.tex
File: pgfcoreobjects.code.tex 2023-01-15 v3.1.10 (3.1.10)
) (c:/texlive/2025/texmf-dist/tex/generic/pgf/basiclayer/pgfcorepathprocessing.code.tex
File: pgfcorepathprocessing.code.tex 2023-01-15 v3.1.10 (3.1.10)
) (c:/texlive/2025/texmf-dist/tex/generic/pgf/basiclayer/pgfcorearrows.code.tex
File: pgfcorearrows.code.tex 2023-01-15 v3.1.10 (3.1.10)
\pgfarrowsep=\dimen260
) (c:/texlive/2025/texmf-dist/tex/generic/pgf/basiclayer/pgfcoreshade.code.tex
File: pgfcoreshade.code.tex 2023-01-15 v3.1.10 (3.1.10)
\pgf@max=\dimen261
\pgf@sys@shading@range@num=\count299
\pgf@shadingcount=\count300
) (c:/texlive/2025/texmf-dist/tex/generic/pgf/basiclayer/pgfcoreimage.code.tex
File: pgfcoreimage.code.tex 2023-01-15 v3.1.10 (3.1.10)
) (c:/texlive/2025/texmf-dist/tex/generic/pgf/basiclayer/pgfcoreexternal.code.tex
File: pgfcoreexternal.code.tex 2023-01-15 v3.1.10 (3.1.10)
\pgfexternal@startupbox=\box59
) (c:/texlive/2025/texmf-dist/tex/generic/pgf/basiclayer/pgfcorelayers.code.tex
File: pgfcorelayers.code.tex 2023-01-15 v3.1.10 (3.1.10)
) (c:/texlive/2025/texmf-dist/tex/generic/pgf/basiclayer/pgfcoretransparency.code.tex
File: pgfcoretransparency.code.tex 2023-01-15 v3.1.10 (3.1.10)
) (c:/texlive/2025/texmf-dist/tex/generic/pgf/basiclayer/pgfcorepatterns.code.tex
File: pgfcorepatterns.code.tex 2023-01-15 v3.1.10 (3.1.10)
) (c:/texlive/2025/texmf-dist/tex/generic/pgf/basiclayer/pgfcorerdf.code.tex
File: pgfcorerdf.code.tex 2023-01-15 v3.1.10 (3.1.10)
))) (c:/texlive/2025/texmf-dist/tex/generic/pgf/modules/pgfmoduleshapes.code.tex
File: pgfmoduleshapes.code.tex 2023-01-15 v3.1.10 (3.1.10)
\pgfnodeparttextbox=\box60
) (c:/texlive/2025/texmf-dist/tex/generic/pgf/modules/pgfmoduleplot.code.tex
File: pgfmoduleplot.code.tex 2023-01-15 v3.1.10 (3.1.10)
) (c:/texlive/2025/texmf-dist/tex/latex/pgf/compatibility/pgfcomp-version-0-65.sty
Package: pgfcomp-version-0-65 2023-01-15 v3.1.10 (3.1.10)
\pgf@nodesepstart=\dimen262
\pgf@nodesepend=\dimen263
) (c:/texlive/2025/texmf-dist/tex/latex/pgf/compatibility/pgfcomp-version-1-18.sty
Package: pgfcomp-version-1-18 2023-01-15 v3.1.10 (3.1.10)
)) (c:/texlive/2025/texmf-dist/tex/latex/pgf/utilities/pgffor.sty (c:/texlive/2025/texmf-dist/tex/latex/pgf/utilities/pgfkeys.sty (c:/texlive/2025/texmf-dist/tex/generic/pgf/utilities/pgfkeys.code.tex)) (c:/texlive/2025/texmf-dist/tex/latex/pgf/math/pgfmath.sty (c:/texlive/2025/texmf-dist/tex/generic/pgf/math/pgfmath.code.tex)) (c:/texlive/2025/texmf-dist/tex/generic/pgf/utilities/pgffor.code.tex
Package: pgffor 2023-01-15 v3.1.10 (3.1.10)
\pgffor@iter=\dimen264
\pgffor@skip=\dimen265
\pgffor@stack=\toks36
\pgffor@toks=\toks37
)) (c:/texlive/2025/texmf-dist/tex/generic/pgf/frontendlayer/tikz/tikz.code.tex
Package: tikz 2023-01-15 v3.1.10 (3.1.10)
 (c:/texlive/2025/texmf-dist/tex/generic/pgf/libraries/pgflibraryplothandlers.code.tex
File: pgflibraryplothandlers.code.tex 2023-01-15 v3.1.10 (3.1.10)
\pgf@plot@mark@count=\count301
\pgfplotmarksize=\dimen266
)
\tikz@lastx=\dimen267
\tikz@lasty=\dimen268
\tikz@lastxsaved=\dimen269
\tikz@lastysaved=\dimen270
\tikz@lastmovetox=\dimen271
\tikz@lastmovetoy=\dimen272
\tikzleveldistance=\dimen273
\tikzsiblingdistance=\dimen274
\tikz@figbox=\box61
\tikz@figbox@bg=\box62
\tikz@tempbox=\box63
\tikz@tempbox@bg=\box64
\tikztreelevel=\count302
\tikznumberofchildren=\count303
\tikznumberofcurrentchild=\count304
\tikz@fig@count=\count305
 (c:/texlive/2025/texmf-dist/tex/generic/pgf/modules/pgfmodulematrix.code.tex
File: pgfmodulematrix.code.tex 2023-01-15 v3.1.10 (3.1.10)
\pgfmatrixcurrentrow=\count306
\pgfmatrixcurrentcolumn=\count307
\pgf@matrix@numberofcolumns=\count308
)
\tikz@expandcount=\count309
 (c:/texlive/2025/texmf-dist/tex/generic/pgf/frontendlayer/tikz/libraries/tikzlibrarytopaths.code.tex
File: tikzlibrarytopaths.code.tex 2023-01-15 v3.1.10 (3.1.10)
))) (c:/texlive/2025/texmf-dist/tex/generic/pgf/frontendlayer/tikz/libraries/tikzlibrarypositioning.code.tex
File: tikzlibrarypositioning.code.tex 2023-01-15 v3.1.10 (3.1.10)
) (c:/texlive/2025/texmf-dist/tex/latex/tools/calc.sty
Package: calc 2023/07/08 v4.3 Infix arithmetic (KKT,FJ)
\calc@Acount=\count310
\calc@Bcount=\count311
\calc@Adimen=\dimen275
\calc@Bdimen=\dimen276
\calc@Askip=\skip54
\calc@Bskip=\skip55
LaTeX Info: Redefining \setlength on input line 80.
LaTeX Info: Redefining \addtolength on input line 81.
\calc@Ccount=\count312
\calc@Cskip=\skip56
)
\c@@todonotes@numberoftodonotes=\count313
) (c:/texlive/2025/texmf-dist/tex/latex/hyperref/hyperref.sty
Package: hyperref 2024-11-05 v7.01l Hypertext links for LaTeX
 (c:/texlive/2025/texmf-dist/tex/latex/kvsetkeys/kvsetkeys.sty
Package: kvsetkeys 2022-10-05 v1.19 Key value parser (HO)
) (c:/texlive/2025/texmf-dist/tex/generic/kvdefinekeys/kvdefinekeys.sty
Package: kvdefinekeys 2019-12-19 v1.6 Define keys (HO)
) (c:/texlive/2025/texmf-dist/tex/generic/pdfescape/pdfescape.sty
Package: pdfescape 2019/12/09 v1.15 Implements pdfTeX's escape features (HO)
 (c:/texlive/2025/texmf-dist/tex/generic/ltxcmds/ltxcmds.sty
Package: ltxcmds 2023-12-04 v1.26 LaTeX kernel commands for general use (HO)
) (c:/texlive/2025/texmf-dist/tex/generic/pdftexcmds/pdftexcmds.sty
Package: pdftexcmds 2020-06-27 v0.33 Utility functions of pdfTeX for LuaTeX (HO)
 (c:/texlive/2025/texmf-dist/tex/generic/infwarerr/infwarerr.sty
Package: infwarerr 2019/12/03 v1.5 Providing info/warning/error messages (HO)
)
Package pdftexcmds Info: \pdf@primitive is available.
Package pdftexcmds Info: \pdf@ifprimitive is available.
Package pdftexcmds Info: \pdfdraftmode found.
)) (c:/texlive/2025/texmf-dist/tex/latex/hycolor/hycolor.sty
Package: hycolor 2020-01-27 v1.10 Color options for hyperref/bookmark (HO)
) (c:/texlive/2025/texmf-dist/tex/latex/hyperref/nameref.sty
Package: nameref 2023-11-26 v2.56 Cross-referencing by name of section
 (c:/texlive/2025/texmf-dist/tex/latex/refcount/refcount.sty
Package: refcount 2019/12/15 v3.6 Data extraction from label references (HO)
) (c:/texlive/2025/texmf-dist/tex/generic/gettitlestring/gettitlestring.sty
Package: gettitlestring 2019/12/15 v1.6 Cleanup title references (HO)
 (c:/texlive/2025/texmf-dist/tex/latex/kvoptions/kvoptions.sty
Package: kvoptions 2022-06-15 v3.15 Key value format for package options (HO)
))
\c@section@level=\count314
) (c:/texlive/2025/texmf-dist/tex/latex/etoolbox/etoolbox.sty
Package: etoolbox 2025/02/11 v2.5l e-TeX tools for LaTeX (JAW)
\etb@tempcnta=\count315
) (c:/texlive/2025/texmf-dist/tex/generic/stringenc/stringenc.sty
Package: stringenc 2019/11/29 v1.12 Convert strings between diff. encodings (HO)
)
\@linkdim=\dimen277
\Hy@linkcounter=\count316
\Hy@pagecounter=\count317
 (c:/texlive/2025/texmf-dist/tex/latex/hyperref/pd1enc.def
File: pd1enc.def 2024-11-05 v7.01l Hyperref: PDFDocEncoding definition (HO)
Now handling font encoding PD1 ...
... no UTF-8 mapping file for font encoding PD1
) (c:/texlive/2025/texmf-dist/tex/generic/intcalc/intcalc.sty
Package: intcalc 2019/12/15 v1.3 Expandable calculations with integers (HO)
)
\Hy@SavedSpaceFactor=\count318
 (c:/texlive/2025/texmf-dist/tex/latex/hyperref/puenc.def
File: puenc.def 2024-11-05 v7.01l Hyperref: PDF Unicode definition (HO)
Now handling font encoding PU ...
... no UTF-8 mapping file for font encoding PU
)
Package hyperref Info: Option `colorlinks' set `true' on input line 4040.
Package hyperref Info: Hyper figures OFF on input line 4157.
Package hyperref Info: Link nesting OFF on input line 4162.
Package hyperref Info: Hyper index ON on input line 4165.
Package hyperref Info: Plain pages OFF on input line 4172.
Package hyperref Info: Backreferencing OFF on input line 4177.
Package hyperref Info: Implicit mode ON; LaTeX internals redefined.
Package hyperref Info: Bookmarks ON on input line 4424.
\c@Hy@tempcnt=\count319
 (c:/texlive/2025/texmf-dist/tex/latex/url/url.sty
\Urlmuskip=\muskip18
Package: url 2013/09/16  ver 3.4  Verb mode for urls, etc.
)
LaTeX Info: Redefining \url on input line 4763.
\XeTeXLinkMargin=\dimen278
 (c:/texlive/2025/texmf-dist/tex/generic/bitset/bitset.sty
Package: bitset 2019/12/09 v1.3 Handle bit-vector datatype (HO)
 (c:/texlive/2025/texmf-dist/tex/generic/bigintcalc/bigintcalc.sty
Package: bigintcalc 2019/12/15 v1.5 Expandable calculations on big integers (HO)
))
\Fld@menulength=\count320
\Field@Width=\dimen279
\Fld@charsize=\dimen280
Package hyperref Info: Hyper figures OFF on input line 6042.
Package hyperref Info: Link nesting OFF on input line 6047.
Package hyperref Info: Hyper index ON on input line 6050.
Package hyperref Info: backreferencing OFF on input line 6057.
Package hyperref Info: Link coloring ON on input line 6060.
Package hyperref Info: Link coloring with OCG OFF on input line 6067.
Package hyperref Info: PDF/A mode OFF on input line 6072.
 (c:/texlive/2025/texmf-dist/tex/latex/base/atbegshi-ltx.sty
Package: atbegshi-ltx 2021/01/10 v1.0c Emulation of the original atbegshi
package with kernel methods
)
\Hy@abspage=\count321
\c@Item=\count322
\c@Hfootnote=\count323
)
Package hyperref Info: Driver (autodetected): hpdftex.
 (c:/texlive/2025/texmf-dist/tex/latex/hyperref/hpdftex.def
File: hpdftex.def 2024-11-05 v7.01l Hyperref driver for pdfTeX
 (c:/texlive/2025/texmf-dist/tex/latex/base/atveryend-ltx.sty
Package: atveryend-ltx 2020/08/19 v1.0a Emulation of the original atveryend package
with kernel methods
)
\Fld@listcount=\count324
\c@bookmark@seq@number=\count325
 (c:/texlive/2025/texmf-dist/tex/latex/rerunfilecheck/rerunfilecheck.sty
Package: rerunfilecheck 2022-07-10 v1.10 Rerun checks for auxiliary files (HO)
 (c:/texlive/2025/texmf-dist/tex/generic/uniquecounter/uniquecounter.sty
Package: uniquecounter 2019/12/15 v1.4 Provide unlimited unique counter (HO)
)
Package uniquecounter Info: New unique counter `rerunfilecheck' on input line 285.
)
\Hy@SectionHShift=\skip57
) (c:/texlive/2025/texmf-dist/tex/latex/float/float.sty
Package: float 2001/11/08 v1.3d Float enhancements (AL)
\c@float@type=\count326
\float@exts=\toks38
\float@box=\box65
\@float@everytoks=\toks39
\@floatcapt=\box66
) (c:/texlive/2025/texmf-dist/tex/latex/setspace/setspace.sty
Package: setspace 2022/12/04 v6.7b set line spacing
) (c:/texlive/2025/texmf-dist/tex/latex/subfigure/subfigure.sty
Package: subfigure 2002/03/15 v2.1.5 subfigure package
\subfigtopskip=\skip58
\subfigcapskip=\skip59
\subfigcaptopadj=\dimen281
\subfigbottomskip=\skip60
\subfigcapmargin=\dimen282
\subfiglabelskip=\skip61
\c@subfigure=\count327
\c@lofdepth=\count328
\c@subtable=\count329
\c@lotdepth=\count330

****************************************
* Local config file subfigure.cfg used *
****************************************
(c:/texlive/2025/texmf-dist/tex/latex/subfigure/subfigure.cfg)
\subfig@top=\skip62
\subfig@bottom=\skip63
) (c:/texlive/2025/texmf-dist/tex/latex/tools/tabularx.sty
Package: tabularx 2023/12/11 v2.12a `tabularx' package (DPC)
 (c:/texlive/2025/texmf-dist/tex/latex/tools/array.sty
Package: array 2024/10/17 v2.6g Tabular extension package (FMi)
\col@sep=\dimen283
\ar@mcellbox=\box67
\extrarowheight=\dimen284
\NC@list=\toks40
\extratabsurround=\skip64
\backup@length=\skip65
\ar@cellbox=\box68
)
\TX@col@width=\dimen285
\TX@old@table=\dimen286
\TX@old@col=\dimen287
\TX@target=\dimen288
\TX@delta=\dimen289
\TX@cols=\count331
\TX@ftn=\toks41
) (c:/texlive/2025/texmf-dist/tex/latex/base/inputenc.sty
Package: inputenc 2024/02/08 v1.3d Input encoding file
\inpenc@prehook=\toks42
\inpenc@posthook=\toks43
) (c:/texlive/2025/texmf-dist/tex/latex/psnfss/mathptmx.sty
Package: mathptmx 2020/03/25 PSNFSS-v9.3 Times w/ Math, improved (SPQR, WaS) 
LaTeX Font Info:    Redeclaring symbol font `operators' on input line 28.
LaTeX Font Info:    Overwriting symbol font `operators' in version `normal'
(Font)                  OT1/cmr/m/n --> OT1/ztmcm/m/n on input line 28.
LaTeX Font Info:    Overwriting symbol font `operators' in version `bold'
(Font)                  OT1/cmr/bx/n --> OT1/ztmcm/m/n on input line 28.
LaTeX Font Info:    Redeclaring symbol font `letters' on input line 29.
LaTeX Font Info:    Overwriting symbol font `letters' in version `normal'
(Font)                  OML/cmm/m/it --> OML/ztmcm/m/it on input line 29.
LaTeX Font Info:    Overwriting symbol font `letters' in version `bold'
(Font)                  OML/cmm/b/it --> OML/ztmcm/m/it on input line 29.
LaTeX Font Info:    Redeclaring symbol font `symbols' on input line 30.
LaTeX Font Info:    Overwriting symbol font `symbols' in version `normal'
(Font)                  OMS/cmsy/m/n --> OMS/ztmcm/m/n on input line 30.
LaTeX Font Info:    Overwriting symbol font `symbols' in version `bold'
(Font)                  OMS/cmsy/b/n --> OMS/ztmcm/m/n on input line 30.
LaTeX Font Info:    Redeclaring symbol font `largesymbols' on input line 31.
LaTeX Font Info:    Overwriting symbol font `largesymbols' in version `normal'
(Font)                  OMX/cmex/m/n --> OMX/ztmcm/m/n on input line 31.
LaTeX Font Info:    Overwriting symbol font `largesymbols' in version `bold'
(Font)                  OMX/cmex/m/n --> OMX/ztmcm/m/n on input line 31.
\symbold=\mathgroup4
\symitalic=\mathgroup5
LaTeX Font Info:    Redeclaring math alphabet \mathbf on input line 34.
LaTeX Font Info:    Overwriting math alphabet `\mathbf' in version `normal'
(Font)                  OT1/cmr/bx/n --> OT1/ptm/bx/n on input line 34.
LaTeX Font Info:    Overwriting math alphabet `\mathbf' in version `bold'
(Font)                  OT1/cmr/bx/n --> OT1/ptm/bx/n on input line 34.
LaTeX Font Info:    Redeclaring math alphabet \mathit on input line 35.
LaTeX Font Info:    Overwriting math alphabet `\mathit' in version `normal'
(Font)                  OT1/cmr/m/it --> OT1/ptm/m/it on input line 35.
LaTeX Font Info:    Overwriting math alphabet `\mathit' in version `bold'
(Font)                  OT1/cmr/bx/it --> OT1/ptm/m/it on input line 35.
LaTeX Info: Redefining \hbar on input line 50.
) (c:/texlive/2025/texmf-dist/tex/latex/glossaries/base/glossaries.sty
Package: glossaries 2025/03/12 v4.57 (NLCT)
 (c:/texlive/2025/texmf-dist/tex/latex/mfirstuc/mfirstuc.sty
Package: mfirstuc 2022/10/14 v2.08 (NLCT)
\@glsmfirst=\toks44
\@glsmrest=\toks45
) (c:/texlive/2025/texmf-dist/tex/latex/xfor/xfor.sty
Package: xfor 2009/02/05 v1.05 (NLCT)
) (c:/texlive/2025/texmf-dist/tex/latex/datatool/datatool-base.sty
Package: datatool-base 2025/03/14 v3.2 (NLCT)
 (c:/texlive/2025/texmf-dist/tex/latex/tracklang/tracklang.sty
Package: tracklang 2025/03/11 v1.6.6 (NLCT) Track Languages
 (c:/texlive/2025/texmf-dist/tex/generic/tracklang/tracklang.tex)) (c:/texlive/2025/texmf-dist/tex/latex/datatool/datatool-l3fp.def
File: datatool-l3fp.def 2025/03/14 v3.2 (NLCT)
)
\@dtl@toks=\toks46
\@dtl@tmpcount=\count332
\dtl@tmplength=\skip66
\l__datatool_measure_box=\box69
\dtl@sortresult=\count333
 (c:/texlive/2025/texmf-dist/tex/latex/datatool/datatool-utf8.ldf
File: datatool-utf8.ldf 2025/03/14 v3.2 (NLCT)
)
\@dtl@datatype=\count334
\l__datatool_tmpa_int=\count335
\l__datatool_tmpb_int=\count336
\l__datatool_tmpc_int=\count337
\l__datatool_tmpd_int=\count338
\l__datatool_count_int=\count339
\l__datatool_tmp_datatype_int=\count340
\l__datatool_tmpa_dim=\dimen290
\l__datatool_tmpb_dim=\dimen291
\c_datatool_unknown_int=\count341
\l__datatool_year_int=\count342
\l__datatool_month_int=\count343
\l__datatool_day_int=\count344
\l__datatool_hour_int=\count345
\l__datatool_minute_int=\count346
\l__datatool_second_int=\count347
\l__datatool_tzhour_int=\count348
\l__datatool_tzminute_int=\count349
\l__datatool_julian_int=\count350
\l__datatool_local_julian_int=\count351
\l__datatool_prefix_int=\count352
\l__datatool_suffix_int=\count353
\@dtl@foreach@level=\count354
\dtl@codeA=\count355
\dtl@codeB=\count356
)
\gls@level=\count357
\@gls@tmpb=\toks47
\gls@tmplen=\skip67
\glskeylisttok=\toks48
\glslabeltok=\toks49
\glsshorttok=\toks50
\glslongtok=\toks51
 (c:/texlive/2025/texmf-dist/tex/latex/glossaries/styles/glossary-hypernav.sty
Package: glossary-hypernav 2025/03/12 v4.57 (NLCT)
) (c:/texlive/2025/texmf-dist/tex/latex/glossaries/styles/glossary-list.sty
Package: glossary-list 2025/03/12 v4.57 (NLCT)
\glslistdottedwidth=\skip68
) (c:/texlive/2025/texmf-dist/tex/latex/glossaries/styles/glossary-long.sty
Package: glossary-long 2025/03/12 v4.57 (NLCT)
 (c:/texlive/2025/texmf-dist/tex/latex/tools/longtable.sty
Package: longtable 2024-10-27 v4.22 Multi-page Table package (DPC)
\LTleft=\skip69
\LTright=\skip70
\LTpre=\skip71
\LTpost=\skip72
\LTchunksize=\count358
\LTcapwidth=\dimen292
\LT@head=\box70
\LT@firsthead=\box71
\LT@foot=\box72
\LT@lastfoot=\box73
\LT@gbox=\box74
\LT@cols=\count359
\LT@rows=\count360
\c@LT@tables=\count361
\c@LT@chunks=\count362
\LT@p@ftn=\toks52
)
\glsdescwidth=\skip73
\glspagelistwidth=\skip74
) (c:/texlive/2025/texmf-dist/tex/latex/glossaries/styles/glossary-super.sty
Package: glossary-super 2025/03/12 v4.57 (NLCT)
 (c:/texlive/2025/texmf-dist/tex/latex/supertabular/supertabular.sty
Package: supertabular 2024/07/20 v4.2c the supertabular environment
\c@tracingst=\count363
\ST@wd=\dimen293
\ST@rightskip=\skip75
\ST@leftskip=\skip76
\ST@parfillskip=\skip77
\ST@pageleft=\dimen294
\ST@headht=\dimen295
\ST@tailht=\dimen296
\ST@pagesofar=\dimen297
\ST@pboxht=\dimen298
\ST@rowht=\dimen299
\ST@prevht=\dimen300
\ST@toadd=\dimen301
\ST@dimen=\dimen302
\ST@pbox=\box75
)) (c:/texlive/2025/texmf-dist/tex/latex/glossaries/styles/glossary-tree.sty
Package: glossary-tree 2025/03/12 v4.57 (NLCT)
\glstreeindent=\skip78
))
LaTeX Font Info:    Trying to load font information for OT1+ptm on input line 29.
 (c:/texlive/2025/texmf-dist/tex/latex/psnfss/ot1ptm.fd
File: ot1ptm.fd 2001/06/04 font definitions for OT1/ptm.
) (c:/texlive/2025/texmf-dist/tex/latex/l3backend/l3backend-pdftex.def
File: l3backend-pdftex.def 2024-05-08 L3 backend support: PDF output (pdfTeX)
\l__color_backend_stack_int=\count364
\l__pdf_internal_box=\box76
) (./main.aux (./Title/titlepage.aux) (./Front/Abstract.aux) (./Front/Acknowledgement.aux) (./Front/Acronyms.aux) (./Front/Symbols.aux) (./Chapter1_Introduction/Chapter1.aux) (./Chapter2/Chapter2.aux) (./Chapter3/Chapter3.aux) (./Chapter4/Chapter4.aux) (./Chapter5/Chapter5.aux) (./Chapter6/Chapter6.aux) (./Appendix/appendix.aux))
\openout1 = `main.aux'.

LaTeX Font Info:    Checking defaults for OML/cmm/m/it on input line 29.
LaTeX Font Info:    ... okay on input line 29.
LaTeX Font Info:    Checking defaults for OMS/cmsy/m/n on input line 29.
LaTeX Font Info:    ... okay on input line 29.
LaTeX Font Info:    Checking defaults for OT1/cmr/m/n on input line 29.
LaTeX Font Info:    ... okay on input line 29.
LaTeX Font Info:    Checking defaults for T1/cmr/m/n on input line 29.
LaTeX Font Info:    ... okay on input line 29.
LaTeX Font Info:    Checking defaults for TS1/cmr/m/n on input line 29.
LaTeX Font Info:    ... okay on input line 29.
LaTeX Font Info:    Checking defaults for OMX/cmex/m/n on input line 29.
LaTeX Font Info:    ... okay on input line 29.
LaTeX Font Info:    Checking defaults for U/cmr/m/n on input line 29.
LaTeX Font Info:    ... okay on input line 29.
LaTeX Font Info:    Checking defaults for PD1/pdf/m/n on input line 29.
LaTeX Font Info:    ... okay on input line 29.
LaTeX Font Info:    Checking defaults for PU/pdf/m/n on input line 29.
LaTeX Font Info:    ... okay on input line 29.

*geometry* driver: auto-detecting
*geometry* detected driver: pdftex
*geometry* verbose mode - [ preamble ] result:
* driver: pdftex
* paper: a4paper
* layout: <same size as paper>
* layoutoffset:(h,v)=(0.0pt,0.0pt)
* modes: 
* h-part:(L,W,R)=(72.26999pt, 452.9679pt, 72.26999pt)
* v-part:(T,H,B)=(72.26999pt, 700.50687pt, 72.26999pt)
* \paperwidth=597.50787pt
* \paperheight=845.04684pt
* \textwidth=452.9679pt
* \textheight=700.50687pt
* \oddsidemargin=0.0pt
* \evensidemargin=0.0pt
* \topmargin=-37.0pt
* \headheight=12.0pt
* \headsep=25.0pt
* \topskip=11.0pt
* \footskip=30.0pt
* \marginparwidth=56.9055pt
* \marginparsep=10.0pt
* \columnsep=10.0pt
* \skip\footins=10.0pt plus 4.0pt minus 2.0pt
* \hoffset=0.0pt
* \voffset=0.0pt
* \mag=1000
* \@twocolumnfalse
* \@twosidefalse
* \@mparswitchfalse
* \@reversemarginfalse
* (1in=72.27pt=25.4mm, 1cm=28.453pt)

Package caption Info: Begin \AtBeginDocument code.
Package caption Info: float package is loaded.
Package caption Info: hyperref package is loaded.
Package caption Info: longtable package is loaded.
(c:/texlive/2025/texmf-dist/tex/latex/caption/ltcaption.sty
Package: ltcaption 2021/01/08 v1.4c longtable captions (AR)
)
Package caption Info: subfigure package is loaded.
Package caption Info: supertabular package is loaded.
Package caption Info: End \AtBeginDocument code.
 (c:/texlive/2025/texmf-dist/tex/context/base/mkii/supp-pdf.mkii
[Loading MPS to PDF converter (version 2006.09.02).]
\scratchcounter=\count365
\scratchdimen=\dimen303
\scratchbox=\box77
\nofMPsegments=\count366
\nofMParguments=\count367
\everyMPshowfont=\toks53
\MPscratchCnt=\count368
\MPscratchDim=\dimen304
\MPnumerator=\count369
\makeMPintoPDFobject=\count370
\everyMPtoPDFconversion=\toks54
) (c:/texlive/2025/texmf-dist/tex/latex/epstopdf-pkg/epstopdf-base.sty
Package: epstopdf-base 2020-01-24 v2.11 Base part for package epstopdf
Package epstopdf-base Info: Redefining graphics rule for `.eps' on input line 485.
 (c:/texlive/2025/texmf-dist/tex/latex/latexconfig/epstopdf-sys.cfg
File: epstopdf-sys.cfg 2010/07/13 v1.3 Configuration of (r)epstopdf for TeX Live
))
Package hyperref Info: Link coloring ON on input line 29.
 (./main.out) (./main.out)
\@outlinefile=\write4
\openout4 = `main.out'.

\openout2 = `Title/titlepage.aux'.

 (./Title/titlepage.tex
<Title/logo.jpg, id=545, 198.7425pt x 61.73062pt>
File: Title/logo.jpg Graphic file (type jpg)
<use Title/logo.jpg>
Package pdftex.def Info: Title/logo.jpg  used on input line 5.
(pdftex.def)             Requested size: 198.742pt x 61.73045pt.
LaTeX Font Info:    Trying to load font information for OT1+ztmcm on input line 22.
 (c:/texlive/2025/texmf-dist/tex/latex/psnfss/ot1ztmcm.fd
File: ot1ztmcm.fd 2000/01/03 Fontinst v1.801 font definitions for OT1/ztmcm.
)
LaTeX Font Info:    Trying to load font information for OML+ztmcm on input line 22.
 (c:/texlive/2025/texmf-dist/tex/latex/psnfss/omlztmcm.fd
File: omlztmcm.fd 2000/01/03 Fontinst v1.801 font definitions for OML/ztmcm.
)
LaTeX Font Info:    Trying to load font information for OMS+ztmcm on input line 22.
 (c:/texlive/2025/texmf-dist/tex/latex/psnfss/omsztmcm.fd
File: omsztmcm.fd 2000/01/03 Fontinst v1.801 font definitions for OMS/ztmcm.
)
LaTeX Font Info:    Trying to load font information for OMX+ztmcm on input line 22.
 (c:/texlive/2025/texmf-dist/tex/latex/psnfss/omxztmcm.fd
File: omxztmcm.fd 2000/01/03 Fontinst v1.801 font definitions for OMX/ztmcm.
)
LaTeX Font Info:    Font shape `OT1/ptm/bx/n' in size <12> not available
(Font)              Font shape `OT1/ptm/b/n' tried instead on input line 22.
LaTeX Font Info:    Font shape `OT1/ptm/bx/n' in size <9> not available
(Font)              Font shape `OT1/ptm/b/n' tried instead on input line 22.
LaTeX Font Info:    Font shape `OT1/ptm/bx/n' in size <7> not available
(Font)              Font shape `OT1/ptm/b/n' tried instead on input line 22.


[1


{c:/texlive/2025/texmf-var/fonts/map/pdftex/updmap/pdftex.map}{c:/texlive/2025/texmf-dist/fonts/enc/dvips/base/8r.enc} <./Title/logo.jpg>]) (./main.toc
LaTeX Font Info:    Font shape `OT1/ptm/bx/n' in size <10.95> not available
(Font)              Font shape `OT1/ptm/b/n' tried instead on input line 7.
LaTeX Font Info:    Font shape `OT1/ptm/bx/n' in size <8> not available
(Font)              Font shape `OT1/ptm/b/n' tried instead on input line 7.
LaTeX Font Info:    Font shape `OT1/ptm/bx/n' in size <6> not available
(Font)              Font shape `OT1/ptm/b/n' tried instead on input line 7.


[1



]

[2])
\tf@toc=\write5
\openout5 = `main.toc'.



[3]

[4]
\openout2 = `Front/Abstract.aux'.

 (./Front/Abstract.tex)

[5


]
\openout2 = `Front/Acknowledgement.aux'.

 (./Front/Acknowledgement.tex)

[6




]
\openout2 = `Front/Acronyms.aux'.

 (./Front/Acronyms.tex [7




])

[8]
\openout2 = `Front/Symbols.aux'.

 (./Front/Symbols.tex) (./main.lof

[9






])
\tf@lof=\write6
\openout6 = `main.lof'.



[10] (./main.lot)
\tf@lot=\write7
\openout7 = `main.lot'.



[11

]
\openout2 = `Chapter1_Introduction/Chapter1.aux'.

 (./Chapter1_Introduction/Chapter1.tex
Chapter 1.



pdfTeX warning (ext4): destination with the same identifier (name{page.1}) has been already used, duplicate ignored
<to be read again> 
                   \relax 
l.21 
      [1


]

[2]

[3]

[4]
LaTeX Font Info:    Trying to load font information for TS1+ptm on input line 106.
 (c:/texlive/2025/texmf-dist/tex/latex/psnfss/ts1ptm.fd
File: ts1ptm.fd 2001/06/04 font definitions for TS1/ptm.
)

[5]

[6]

[7]

[8]

[9]

[10]

[11]

[12])
\openout2 = `Chapter2/Chapter2.aux'.

 (./Chapter2/Chapter2.tex
Chapter 2.


[13




]
Underfull \hbox (badness 1067) in paragraph at lines 65--65
\OT1/ptm/m/n/10.95 CRM, Sup-ply Chain Man-age-
 []


LaTeX Warning: `h' float specifier changed to `ht'.



[14]

[15]

[16]

[17]

[18]
Underfull \hbox (badness 10000) in paragraph at lines 191--191
[]|\OT1/ptm/m/n/10 Pre-built con-nec-tors,
 []


Underfull \hbox (badness 10000) in paragraph at lines 191--191
\OT1/ptm/m/n/10 API man-age-ment,
 []


Underfull \hbox (badness 7273) in paragraph at lines 191--191
\OT1/ptm/m/n/10 event-driven ar-chi-tec-
 []


Underfull \hbox (badness 1895) in paragraph at lines 191--191
\OT1/ptm/m/n/10 cloud-native, sup-ports
 []


Underfull \hbox (badness 10000) in paragraph at lines 191--191
[]|\OT1/ptm/m/n/10 Limited flex-i-bil-ity
 []


Underfull \hbox (badness 2884) in paragraph at lines 191--191
\OT1/ptm/m/n/10 for non-SAP in-te-gra-
 []


Underfull \hbox (badness 10000) in paragraph at lines 191--191
[]|\OT1/ptm/m/n/10 API-led con-nec-tiv-ity,
 []


Underfull \hbox (badness 7273) in paragraph at lines 191--191
\OT1/ptm/m/n/10 event-driven ar-chi-tec-
 []


Underfull \hbox (badness 10000) in paragraph at lines 191--191
\OT1/ptm/m/n/10 ture, mi-croser-vices
 []


Underfull \hbox (badness 5302) in paragraph at lines 191--191
[]|\OT1/ptm/m/n/10 Strong API man-age-
 []


Underfull \hbox (badness 7291) in paragraph at lines 191--191
\OT1/ptm/m/n/10 re-quires ex-per-tise in
 []


Underfull \hbox (badness 3724) in paragraph at lines 191--191
[]|\OT1/ptm/m/n/10 Low-code in-te-gra-tion,
 []


Underfull \hbox (badness 10000) in paragraph at lines 191--191
\OT1/ptm/m/n/10 cess-ing, batch-heavy
 []



[19]

[20]

[21]

[22]

[23]

[24]

[25]

[26]
<Chapter1_Introduction/Pictures/Saleforce_Quaterly_Revenue.png, id=1288, 1897.0875pt x 943.525pt>
File: Chapter1_Introduction/Pictures/Saleforce_Quaterly_Revenue.png Graphic file (type png)
<use Chapter1_Introduction/Pictures/Saleforce_Quaterly_Revenue.png>
Package pdftex.def Info: Chapter1_Introduction/Pictures/Saleforce_Quaterly_Revenue.png  used on input line 464.
(pdftex.def)             Requested size: 362.37569pt x 180.22182pt.


[27 <./Chapter1_Introduction/Pictures/Saleforce_Quaterly_Revenue.png>]

[28]

[29])
\openout2 = `Chapter3/Chapter3.aux'.

 (./Chapter3/Chapter3.tex
Chapter 3.


[30




]

[31]

[32]

[33]

[34]

[35]

[36]

[37]

[38])
\openout2 = `Chapter4/Chapter4.aux'.

 (./Chapter4/Chapter4.tex
Chapter 4.
<Chapter4/Pictures/Arct_ov.jpg, id=1423, 1755.55875pt x 554.07pt>
File: Chapter4/Pictures/Arct_ov.jpg Graphic file (type jpg)
<use Chapter4/Pictures/Arct_ov.jpg>
Package pdftex.def Info: Chapter4/Pictures/Arct_ov.jpg  used on input line 16.
(pdftex.def)             Requested size: 362.37569pt x 114.36288pt.


[39




 <./Chapter4/Pictures/Arct_ov.jpg>]
<Chapter4/Pictures/s4hana.png, id=1428, 453.19313pt x 342.5297pt>
File: Chapter4/Pictures/s4hana.png Graphic file (type png)
<use Chapter4/Pictures/s4hana.png>
Package pdftex.def Info: Chapter4/Pictures/s4hana.png  used on input line 35.
(pdftex.def)             Requested size: 362.37569pt x 273.88823pt.
<Chapter4/Pictures/integrationsuite.png, id=1430, 1921.1775pt x 995.21812pt>
File: Chapter4/Pictures/integrationsuite.png Graphic file (type png)
<use Chapter4/Pictures/integrationsuite.png>
Package pdftex.def Info: Chapter4/Pictures/integrationsuite.png  used on input line 48.
(pdftex.def)             Requested size: 362.37569pt x 187.7115pt.


[40 <./Chapter4/Pictures/s4hana.png>]
<Chapter4/Pictures/salesforce.png, id=1437, 1921.1775pt x 995.21812pt>
File: Chapter4/Pictures/salesforce.png Graphic file (type png)
<use Chapter4/Pictures/salesforce.png>
Package pdftex.def Info: Chapter4/Pictures/salesforce.png  used on input line 64.
(pdftex.def)             Requested size: 362.37569pt x 187.7115pt.


[41 <./Chapter4/Pictures/integrationsuite.png> <./Chapter4/Pictures/salesforce.png>]
LaTeX Font Info:    Trying to load font information for OT1+pcr on input line 84.
 (c:/texlive/2025/texmf-dist/tex/latex/psnfss/ot1pcr.fd
File: ot1pcr.fd 2001/06/04 font definitions for OT1/pcr.
)
<Chapter4/Pictures/integrationrole.png, id=1445, 1266.98344pt x 374.90062pt>
File: Chapter4/Pictures/integrationrole.png Graphic file (type png)
<use Chapter4/Pictures/integrationrole.png>
Package pdftex.def Info: Chapter4/Pictures/integrationrole.png  used on input line 89.
(pdftex.def)             Requested size: 362.37569pt x 107.22534pt.


[42 <./Chapter4/Pictures/integrationrole.png>]

[43]

[44]
<Chapter4/Pictures/s4hana_role.png, id=1470, 451.6875pt x 343.2825pt>
File: Chapter4/Pictures/s4hana_role.png Graphic file (type png)
<use Chapter4/Pictures/s4hana_role.png>
Package pdftex.def Info: Chapter4/Pictures/s4hana_role.png  used on input line 203.
(pdftex.def)             Requested size: 362.37569pt x 275.42255pt.


[45 <./Chapter4/Pictures/s4hana_role.png>]

[46]

[47]
<Chapter4/Pictures/Setup.png, id=1503, 353.82187pt x 285.31593pt>
File: Chapter4/Pictures/Setup.png Graphic file (type png)
<use Chapter4/Pictures/Setup.png>
Package pdftex.def Info: Chapter4/Pictures/Setup.png  used on input line 347.
(pdftex.def)             Requested size: 362.37569pt x 292.21997pt.


LaTeX Warning: `!h' float specifier changed to `!ht'.

<Chapter4/Pictures/con_app.png, id=1504, 359.84438pt x 172.39406pt>
File: Chapter4/Pictures/con_app.png Graphic file (type png)
<use Chapter4/Pictures/con_app.png>
Package pdftex.def Info: Chapter4/Pictures/con_app.png  used on input line 354.
(pdftex.def)             Requested size: 362.37569pt x 173.61945pt.

LaTeX Warning: `!h' float specifier changed to `!ht'.

<Chapter4/Pictures/Connectedapp.png, id=1505, 1921.1775pt x 995.21812pt>
File: Chapter4/Pictures/Connectedapp.png Graphic file (type png)
<use Chapter4/Pictures/Connectedapp.png>
Package pdftex.def Info: Chapter4/Pictures/Connectedapp.png  used on input line 365.
(pdftex.def)             Requested size: 362.37569pt x 187.7115pt.


[48]

LaTeX Warning: `!h' float specifier changed to `!ht'.



[49 <./Chapter4/Pictures/Setup.png> <./Chapter4/Pictures/con_app.png>]
<Chapter4/Pictures/API.png, id=1529, 950.04938pt x 699.36281pt>
File: Chapter4/Pictures/API.png Graphic file (type png)
<use Chapter4/Pictures/API.png>
Package pdftex.def Info: Chapter4/Pictures/API.png  used on input line 393.
(pdftex.def)             Requested size: 362.37569pt x 266.75307pt.


[50 <./Chapter4/Pictures/Connectedapp.png> <./Chapter4/Pictures/API.png>]
<Chapter4/Pictures/fieldsetup.png, id=1537, 1266.98344pt x 657.95813pt>
File: Chapter4/Pictures/fieldsetup.png Graphic file (type png)
<use Chapter4/Pictures/fieldsetup.png>
Package pdftex.def Info: Chapter4/Pictures/fieldsetup.png  used on input line 419.
(pdftex.def)             Requested size: 362.37569pt x 188.18263pt.
<Chapter4/Pictures/fieldlen.png, id=1538, 1556.81625pt x 906.38625pt>
File: Chapter4/Pictures/fieldlen.png Graphic file (type png)
<use Chapter4/Pictures/fieldlen.png>
Package pdftex.def Info: Chapter4/Pictures/fieldlen.png  used on input line 441.
(pdftex.def)             Requested size: 362.37569pt x 210.96774pt.


[51 <./Chapter4/Pictures/fieldsetup.png>]
<Chapter4/Pictures/ref.png, id=1551, 1254.93843pt x 740.7675pt>
File: Chapter4/Pictures/ref.png Graphic file (type png)
<use Chapter4/Pictures/ref.png>
Package pdftex.def Info: Chapter4/Pictures/ref.png  used on input line 454.
(pdftex.def)             Requested size: 362.37569pt x 213.9015pt.


LaTeX Warning: `!h' float specifier changed to `!ht'.



[52 <./Chapter4/Pictures/fieldlen.png> <./Chapter4/Pictures/ref.png>]

[53]
<Chapter4/Pictures/iflow.png, id=1571, 1265.47781pt x 650.43pt>
File: Chapter4/Pictures/iflow.png Graphic file (type png)
<use Chapter4/Pictures/iflow.png>
Package pdftex.def Info: Chapter4/Pictures/iflow.png  used on input line 552.
(pdftex.def)             Requested size: 362.37569pt x 186.24785pt.


[54]
<Chapter4/Pictures/keys_certi.png, id=1583, 1903.86281pt x 633.11531pt>
File: Chapter4/Pictures/keys_certi.png Graphic file (type png)
<use Chapter4/Pictures/keys_certi.png>
Package pdftex.def Info: Chapter4/Pictures/keys_certi.png  used on input line 570.
(pdftex.def)             Requested size: 362.37569pt x 120.50568pt.
<Chapter4/Pictures/UserCred.png, id=1584, 1919.67188pt x 356.83313pt>
File: Chapter4/Pictures/UserCred.png Graphic file (type png)
<use Chapter4/Pictures/UserCred.png>
Package pdftex.def Info: Chapter4/Pictures/UserCred.png  used on input line 578.
(pdftex.def)             Requested size: 362.37569pt x 67.35796pt.


[55 <./Chapter4/Pictures/iflow.png> <./Chapter4/Pictures/keys_certi.png> <./Chapter4/Pictures/UserCred.png>]
<Chapter4/Pictures/Configureiflow.png, id=1596, 285.31593pt x 234.8775pt>
File: Chapter4/Pictures/Configureiflow.png Graphic file (type png)
<use Chapter4/Pictures/Configureiflow.png>
Package pdftex.def Info: Chapter4/Pictures/Configureiflow.png  used on input line 607.
(pdftex.def)             Requested size: 362.37569pt x 298.3162pt.


[56 <./Chapter4/Pictures/Configureiflow.png>]
<Chapter4/Pictures/Schedule.png, id=1606, 1135.24126pt x 320.69812pt>
File: Chapter4/Pictures/Schedule.png Graphic file (type png)
<use Chapter4/Pictures/Schedule.png>
Package pdftex.def Info: Chapter4/Pictures/Schedule.png  used on input line 625.
(pdftex.def)             Requested size: 362.37569pt x 102.36613pt.

Overfull \hbox (14.30098pt too wide) in paragraph at lines 634--635
\OT1/pcr/m/n/10.95 https://hostname:port/sap/opu/odata/sap/API[]BUSINESS[]PARTNER\OT1/ptm/m/n/10.95 ).  
 []

<Chapter4/Pictures/RecieverS4.png, id=1607, 1106.63437pt x 445.665pt>
File: Chapter4/Pictures/RecieverS4.png Graphic file (type png)
<use Chapter4/Pictures/RecieverS4.png>
Package pdftex.def Info: Chapter4/Pictures/RecieverS4.png  used on input line 644.
(pdftex.def)             Requested size: 362.37569pt x 145.93425pt.


[57 <./Chapter4/Pictures/Schedule.png> <./Chapter4/Pictures/RecieverS4.png>]
<Chapter4/Pictures/RecieverSF.png, id=1616, 1203.7472pt x 443.40656pt>
File: Chapter4/Pictures/RecieverSF.png Graphic file (type png)
<use Chapter4/Pictures/RecieverSF.png>
Package pdftex.def Info: Chapter4/Pictures/RecieverSF.png  used on input line 662.
(pdftex.def)             Requested size: 362.37569pt x 133.48306pt.
<Chapter4/Pictures/More.png, id=1617, 1105.88156pt x 362.10281pt>
File: Chapter4/Pictures/More.png Graphic file (type png)
<use Chapter4/Pictures/More.png>
Package pdftex.def Info: Chapter4/Pictures/More.png  used on input line 682.
(pdftex.def)             Requested size: 362.37569pt x 118.64893pt.


[58 <./Chapter4/Pictures/RecieverSF.png> <./Chapter4/Pictures/More.png>]
<Chapter4/Pictures/savedeploy.png, id=1626, 421.575pt x 301.8778pt>
File: Chapter4/Pictures/savedeploy.png Graphic file (type png)
<use Chapter4/Pictures/savedeploy.png>
Package pdftex.def Info: Chapter4/Pictures/savedeploy.png  used on input line 696.
(pdftex.def)             Requested size: 362.37569pt x 259.49008pt.


[59 <./Chapter4/Pictures/savedeploy.png>])
\openout2 = `Chapter5/Chapter5.aux'.

 (./Chapter5/Chapter5.tex
Chapter 5.
<Chapter5/Pictures/BP_Tcode.png, id=1633, 957.5775pt x 598.48593pt>
File: Chapter5/Pictures/BP_Tcode.png Graphic file (type png)
<use Chapter5/Pictures/BP_Tcode.png>
Package pdftex.def Info: Chapter5/Pictures/BP_Tcode.png  used on input line 24.
(pdftex.def)             Requested size: 362.37569pt x 226.4864pt.


[60




]
<Chapter5/Pictures/BP_Role.png, id=1640, 957.5775pt x 599.23875pt>
File: Chapter5/Pictures/BP_Role.png Graphic file (type png)
<use Chapter5/Pictures/BP_Role.png>
Package pdftex.def Info: Chapter5/Pictures/BP_Role.png  used on input line 47.
(pdftex.def)             Requested size: 362.37569pt x 226.7713pt.


[61 <./Chapter5/Pictures/BP_Tcode.png> <./Chapter5/Pictures/BP_Role.png>]
<Chapter5/Pictures/BP_generated.png, id=1652, 955.31906pt x 597.73312pt>
File: Chapter5/Pictures/BP_generated.png Graphic file (type png)
<use Chapter5/Pictures/BP_generated.png>
Package pdftex.def Info: Chapter5/Pictures/BP_generated.png  used on input line 66.
(pdftex.def)             Requested size: 362.37569pt x 226.73051pt.


[62 <./Chapter5/Pictures/BP_generated.png>]
<Chapter5/Pictures/CPI_Locate.png, id=1661, 956.82469pt x 599.23875pt>
File: Chapter5/Pictures/CPI_Locate.png Graphic file (type png)
<use Chapter5/Pictures/CPI_Locate.png>
Package pdftex.def Info: Chapter5/Pictures/CPI_Locate.png  used on input line 103.
(pdftex.def)             Requested size: 362.37569pt x 226.94502pt.
<Chapter5/Pictures/CPI_Mon.png, id=1662, 958.3303pt x 599.99156pt>
File: Chapter5/Pictures/CPI_Mon.png Graphic file (type png)
<use Chapter5/Pictures/CPI_Mon.png>
Package pdftex.def Info: Chapter5/Pictures/CPI_Mon.png  used on input line 124.
(pdftex.def)             Requested size: 362.37569pt x 226.87308pt.


[63 <./Chapter5/Pictures/CPI_Locate.png>]
<Chapter5/Pictures/CPI_sucess.png, id=1673, 958.3303pt x 597.73312pt>
File: Chapter5/Pictures/CPI_sucess.png Graphic file (type png)
<use Chapter5/Pictures/CPI_sucess.png>
Package pdftex.def Info: Chapter5/Pictures/CPI_sucess.png  used on input line 131.
(pdftex.def)             Requested size: 362.37569pt x 226.0191pt.
<Chapter5/Pictures/CPI_Verify.png, id=1674, 956.82469pt x 599.99156pt>
File: Chapter5/Pictures/CPI_Verify.png Graphic file (type png)
<use Chapter5/Pictures/CPI_Verify.png>
Package pdftex.def Info: Chapter5/Pictures/CPI_Verify.png  used on input line 145.
(pdftex.def)             Requested size: 362.37569pt x 227.23013pt.


[64 <./Chapter5/Pictures/CPI_Mon.png> <./Chapter5/Pictures/CPI_sucess.png>]
<Chapter5/Pictures/SF_ACC_ED.png, id=1682, 954.56625pt x 442.65375pt>
File: Chapter5/Pictures/SF_ACC_ED.png Graphic file (type png)
<use Chapter5/Pictures/SF_ACC_ED.png>
Package pdftex.def Info: Chapter5/Pictures/SF_ACC_ED.png  used on input line 173.
(pdftex.def)             Requested size: 362.37569pt x 168.0413pt.


[65 <./Chapter5/Pictures/CPI_Verify.png>]
<Chapter5/Pictures/SF_Fields_ED.png, id=1694, 953.06062pt x 439.6425pt>
File: Chapter5/Pictures/SF_Fields_ED.png Graphic file (type png)
<use Chapter5/Pictures/SF_Fields_ED.png>
Package pdftex.def Info: Chapter5/Pictures/SF_Fields_ED.png  used on input line 184.
(pdftex.def)             Requested size: 362.37569pt x 167.1665pt.


[66 <./Chapter5/Pictures/SF_ACC_ED.png> <./Chapter5/Pictures/SF_Fields_ED.png>]
LaTeX Info: Symbol \textrightarrow not provided by
            font family ptm in TS1 encoding.
            Default family used instead on input line 206.
<Chapter5/Pictures/Fail_oauth.png, id=1704, 554.82281pt x 551.81157pt>
File: Chapter5/Pictures/Fail_oauth.png Graphic file (type png)
<use Chapter5/Pictures/Fail_oauth.png>
Package pdftex.def Info: Chapter5/Pictures/Fail_oauth.png  used on input line 233.
(pdftex.def)             Requested size: 362.37569pt x 360.40778pt.


[67{c:/texlive/2025/texmf-dist/fonts/enc/dvips/cm-super/cm-super-ts1.enc}]
<Chapter5/Pictures/fail_error.png, id=1714, 1911.39093pt x 989.19562pt>
File: Chapter5/Pictures/fail_error.png Graphic file (type png)
<use Chapter5/Pictures/fail_error.png>
Package pdftex.def Info: Chapter5/Pictures/fail_error.png  used on input line 250.
(pdftex.def)             Requested size: 362.37569pt x 187.52649pt.


[68 <./Chapter5/Pictures/Fail_oauth.png>]
<Chapter5/Pictures/Fail_log.png, id=1721, 1267.73625pt x 790.45313pt>
File: Chapter5/Pictures/Fail_log.png Graphic file (type png)
<use Chapter5/Pictures/Fail_log.png>
Package pdftex.def Info: Chapter5/Pictures/Fail_log.png  used on input line 264.
(pdftex.def)             Requested size: 362.37569pt x 225.94485pt.
LaTeX Info: Symbol \textrightarrow not provided by
            font family ptm in TS1 encoding.
            Default family used instead on input line 271.


[69 <./Chapter5/Pictures/fail_error.png> <./Chapter5/Pictures/Fail_log.png>]
<Chapter5/Pictures/Map_comp.png, id=1729, 1921.1775pt x 995.21812pt>
File: Chapter5/Pictures/Map_comp.png Graphic file (type png)
<use Chapter5/Pictures/Map_comp.png>
Package pdftex.def Info: Chapter5/Pictures/Map_comp.png  used on input line 297.
(pdftex.def)             Requested size: 362.37569pt x 187.7115pt.


[70 <./Chapter5/Pictures/Map_comp.png>]

[71])
\openout2 = `Chapter6/Chapter6.aux'.

 (./Chapter6/Chapter6.tex
Chapter 6.


[72




]

[73]

[74]

[75]

[76]

[77]

[78]

[79]

[80]) (./main.bbl
Overfull \hbox (37.88663pt too wide) in paragraph at lines 70--74
\OT1/pcr/m/n/10.95 tm-[]sap-[]and-[]sap-[]tm-[]transportation-[]management-[]evolution-[]and-[]architecture$[][]\OT1/ptm/m/n/10.95 , 
 []



[81



]

[82]
Overfull \hbox (78.30658pt too wide) in paragraph at lines 256--260
\OT1/pcr/m/n/10.95 why-[]sap-[]btp-[]is-[]the-[]smarter-[]choice-[]for-[]modernizing-[]your-[]integration-[]strategy/$[][]\OT1/ptm/m/n/10.95 , 
 []


Overfull \hbox (44.95662pt too wide) in paragraph at lines 262--266
\OT1/pcr/m/n/10.95 integrating-[]sap-[]s-[]4hana-[]with-[]3rd-[]party-[]applications-[]and-[]legacy-[]systems/$[][]\OT1/ptm/m/n/10.95 , 
 []



[83]

[84])

[85]
\openout2 = `Appendix/appendix.aux'.

 (./Appendix/appendix.tex
Chapter 7.
<Appendix/images/GetS4.png, id=1881, 1315.91624pt x 733.99219pt>
File: Appendix/images/GetS4.png Graphic file (type png)
<use Appendix/images/GetS4.png>
Package pdftex.def Info: Appendix/images/GetS4.png  used on input line 15.
(pdftex.def)             Requested size: 430.31812pt x 240.023pt.


[86


 <./Appendix/images/GetS4.png>]
<Appendix/images/QueryS4.png, id=1888, 1653.17625pt x 764.10469pt>
File: Appendix/images/QueryS4.png Graphic file (type png)
<use Appendix/images/QueryS4.png>
Package pdftex.def Info: Appendix/images/QueryS4.png  used on input line 44.
(pdftex.def)             Requested size: 430.31812pt x 198.89572pt.


[87 <./Appendix/images/QueryS4.png>]
<Appendix/images/SF_Rec.png, id=1895, 1378.39969pt x 748.29562pt>
File: Appendix/images/SF_Rec.png Graphic file (type png)
<use Appendix/images/SF_Rec.png>
Package pdftex.def Info: Appendix/images/SF_Rec.png  used on input line 68.
(pdftex.def)             Requested size: 430.31812pt x 233.60202pt.
<Appendix/images/SF_API.png, id=1896, 1241.38782pt x 415.5525pt>
File: Appendix/images/SF_API.png Graphic file (type png)
<use Appendix/images/SF_API.png>
Package pdftex.def Info: Appendix/images/SF_API.png  used on input line 93.
(pdftex.def)             Requested size: 430.31812pt x 144.04424pt.


LaTeX Warning: `h' float specifier changed to `ht'.



[88 <./Appendix/images/SF_Rec.png>]
LaTeX Font Info:    Trying to load font information for TS1+pcr on input line 107.
 (c:/texlive/2025/texmf-dist/tex/latex/psnfss/ts1pcr.fd
File: ts1pcr.fd 2001/06/04 font definitions for TS1/pcr.
)
LaTeX Font Info:    Trying to load font information for OMS+pcr on input line 107.
 (c:/texlive/2025/texmf-dist/tex/latex/psnfss/omspcr.fd
File: omspcr.fd 
)
LaTeX Font Info:    Font shape `OMS/pcr/m/n' in size <10.95> not available
(Font)              Font shape `OMS/cmsy/m/n' tried instead on input line 107.
<Appendix/images/Fail_QR.png, id=1905, 1129.21875pt x 1129.21875pt>
File: Appendix/images/Fail_QR.png Graphic file (type png)
<use Appendix/images/Fail_QR.png>
Package pdftex.def Info: Appendix/images/Fail_QR.png  used on input line 139.
(pdftex.def)             Requested size: 135.89174pt x 135.87947pt.


LaTeX Warning: `h' float specifier changed to `ht'.



[89 <./Appendix/images/SF_API.png>]
<Appendix/images/Success_QR.png, id=1913, 1129.21875pt x 1129.21875pt>
File: Appendix/images/Success_QR.png Graphic file (type png)
<use Appendix/images/Success_QR.png>
Package pdftex.def Info: Appendix/images/Success_QR.png  used on input line 161.
(pdftex.def)             Requested size: 135.89174pt x 135.87947pt.


[90 <./Appendix/images/Fail_QR.png> <./Appendix/images/Success_QR.png>]) (./main.aux (./Title/titlepage.aux) (./Front/Abstract.aux) (./Front/Acknowledgement.aux) (./Front/Acronyms.aux) (./Front/Symbols.aux) (./Chapter1_Introduction/Chapter1.aux) (./Chapter2/Chapter2.aux) (./Chapter3/Chapter3.aux) (./Chapter4/Chapter4.aux) (./Chapter5/Chapter5.aux) (./Chapter6/Chapter6.aux) (./Appendix/appendix.aux))
 ***********
LaTeX2e <2024-11-01> patch level 2
L3 programming layer <2025-01-18>
 ***********
Package rerunfilecheck Info: File `main.out' has not changed.
(rerunfilecheck)             Checksum: 0DDD92024679A76BF2A8E1C25BEBEAC4;32933.
 ) 
Here is how much of TeX's memory you used:
 30645 strings out of 473189
 597900 string characters out of 5719958
 1009184 words of memory out of 5000000
 52749 multiletter control sequences out of 15000+600000
 601863 words of font info for 118 fonts, out of 8000000 for 9000
 1141 hyphenation exceptions out of 8191
 99i,10n,101p,2398b,732s stack positions out of 10000i,1000n,20000p,200000b,200000s
<c:/texlive/2025/texmf-dist/fonts/type1/public/amsfonts/cm/cmsy10.pfb><c:/texlive/2025/texmf-dist/fonts/type1/public/cm-super/sfrm1095.pfb><c:/texlive/2025/texmf-dist/fonts/type1/public/cm-super/sfti1095.pfb><c:/texlive/2025/texmf-dist/fonts/type1/urw/courier/ucrb8a.pfb><c:/texlive/2025/texmf-dist/fonts/type1/urw/courier/ucrr8a.pfb><c:/texlive/2025/texmf-dist/fonts/type1/urw/times/utmb8a.pfb><c:/texlive/2025/texmf-dist/fonts/type1/urw/times/utmr8a.pfb><c:/texlive/2025/texmf-dist/fonts/type1/urw/times/utmri8a.pfb>
Output written on main.pdf (102 pages, 5776481 bytes).
PDF statistics:
 2081 PDF objects out of 2487 (max. 8388607)
 1854 compressed objects within 19 object streams
 581 named destinations out of 1000 (max. 500000)
 1300 words of extra memory for PDF output out of 10000 (max. 10000000)

