\BOOKMARK [0][-]{chapter*.3}{\376\377\000A\000b\000s\000t\000r\000a\000c\000t}{}% 1
\BOOKMARK [0][-]{chapter*.4}{\376\377\000A\000c\000k\000n\000o\000w\000l\000e\000d\000g\000e\000m\000e\000n\000t}{}% 2
\BOOKMARK [0][-]{chapter*.5}{\376\377\000A\000c\000r\000o\000n\000y\000m\000s}{}% 3
\BOOKMARK [0][-]{chapter*.6}{\376\377\000L\000i\000s\000t\000s\000\040\000o\000f\000\040\000F\000i\000g\000u\000r\000e\000s}{}% 4
\BOOKMARK [0][-]{chapter*.7}{\376\377\000L\000i\000s\000t\000s\000\040\000o\000f\000\040\000T\000a\000b\000l\000e\000s}{}% 5
\BOOKMARK [0][-]{chapter.1}{\376\377\000I\000n\000t\000r\000o\000d\000u\000c\000t\000i\000o\000n}{}% 6
\BOOKMARK [1][-]{section.1.1}{\376\377\000B\000a\000c\000k\000g\000r\000o\000u\000n\000d\000\040\000o\000f\000\040\000E\000R\000P\000\040\000a\000n\000d\000\040\000C\000R\000M\000\040\000S\000y\000s\000t\000e\000m\000s}{chapter.1}% 7
\BOOKMARK [2][-]{subsection.1.1.1}{\376\377\000K\000e\000y\000\040\000F\000e\000a\000t\000u\000r\000e\000s\000\040\000o\000f\000\040\000E\000R\000P\000\040\000S\000y\000s\000t\000e\000m\000s}{section.1.1}% 8
\BOOKMARK [2][-]{subsection.1.1.2}{\376\377\000\040\000K\000e\000y\000\040\000F\000e\000a\000t\000u\000r\000e\000s\000\040\000o\000f\000\040\000C\000R\000M\000\040\000S\000y\000s\000t\000e\000m\000s}{section.1.1}% 9
\BOOKMARK [2][-]{subsection.1.1.3}{\376\377\000M\000a\000j\000o\000r\000\040\000E\000R\000P\000\040\000S\000y\000s\000t\000e\000m\000s}{section.1.1}% 10
\BOOKMARK [2][-]{subsection.1.1.4}{\376\377\000M\000a\000j\000o\000r\000\040\000C\000R\000M\000\040\000S\000y\000s\000t\000e\000m\000s}{section.1.1}% 11
\BOOKMARK [1][-]{section.1.2}{\376\377\000I\000m\000p\000o\000r\000t\000a\000n\000c\000e\000\040\000o\000f\000\040\000S\000a\000l\000e\000s\000\040\000E\000f\000f\000i\000c\000i\000e\000n\000c\000y\000\040\000i\000n\000\040\000B\000u\000s\000i\000n\000e\000s\000s\000\040\000P\000r\000o\000c\000e\000s\000s\000e\000s}{chapter.1}% 12
\BOOKMARK [2][-]{subsection.1.2.1}{\376\377\000K\000e\000y\000\040\000C\000o\000m\000p\000o\000n\000e\000n\000t\000s\000\040\000o\000f\000\040\000S\000a\000l\000e\000s\000\040\000E\000f\000f\000i\000c\000i\000e\000n\000c\000y}{section.1.2}% 13
\BOOKMARK [2][-]{subsection.1.2.2}{\376\377\000B\000e\000n\000e\000f\000i\000t\000s\000\040\000o\000f\000\040\000S\000a\000l\000e\000s\000\040\000E\000f\000f\000i\000c\000i\000e\000n\000c\000y}{section.1.2}% 14
\BOOKMARK [1][-]{section.1.3}{\376\377\000R\000o\000l\000e\000\040\000o\000f\000\040\000S\000A\000P\000\040\000B\000T\000P\000\040\000a\000s\000\040\000m\000i\000d\000d\000l\000e\000w\000a\000r\000e}{chapter.1}% 15
\BOOKMARK [1][-]{section.1.4}{\376\377\000R\000e\000s\000e\000a\000r\000c\000h\000\040\000G\000o\000a\000l\000s}{chapter.1}% 16
\BOOKMARK [2][-]{subsection.1.4.1}{\376\377\000I\000d\000e\000n\000t\000i\000f\000y\000i\000n\000g\000\040\000B\000u\000s\000i\000n\000e\000s\000s\000\040\000C\000h\000a\000l\000l\000e\000n\000g\000e\000s\000\040\000i\000n\000\040\000E\000R\000P\000-\000C\000R\000M\000\040\000I\000n\000t\000e\000g\000r\000a\000t\000i\000o\000n}{section.1.4}% 17
\BOOKMARK [2][-]{subsection.1.4.2}{\376\377\000E\000x\000p\000l\000o\000r\000i\000n\000g\000\040\000I\000n\000t\000e\000g\000r\000a\000t\000i\000o\000n\000\040\000A\000p\000p\000r\000o\000a\000c\000h\000e\000s\000\040\000a\000n\000d\000\040\000M\000i\000d\000d\000l\000e\000w\000a\000r\000e\000\040\000S\000o\000l\000u\000t\000i\000o\000n\000s}{section.1.4}% 18
\BOOKMARK [2][-]{subsection.1.4.3}{\376\377\000I\000m\000p\000l\000e\000m\000e\000n\000t\000i\000n\000g\000\040\000a\000\040\000M\000i\000d\000d\000l\000e\000w\000a\000r\000e\000-\000B\000a\000s\000e\000d\000\040\000I\000n\000t\000e\000g\000r\000a\000t\000i\000o\000n\000\040\000S\000o\000l\000u\000t\000i\000o\000n}{section.1.4}% 19
\BOOKMARK [1][-]{section.1.5}{\376\377\000S\000c\000o\000p\000e\000\040\000o\000f\000\040\000t\000h\000e\000\040\000S\000t\000u\000d\000y}{chapter.1}% 20
\BOOKMARK [2][-]{subsection.1.5.1}{\376\377\000I\000n\000c\000l\000u\000d\000e\000d\000\040\000i\000n\000\040\000S\000c\000o\000p\000e\000:}{section.1.5}% 21
\BOOKMARK [2][-]{subsection.1.5.2}{\376\377\000E\000x\000c\000l\000u\000d\000e\000d\000\040\000f\000r\000o\000m\000\040\000S\000c\000o\000p\000e\000:}{section.1.5}% 22
\BOOKMARK [0][-]{chapter.2}{\376\377\000L\000i\000t\000e\000r\000a\000t\000u\000r\000e\000\040\000R\000e\000v\000i\000e\000w}{}% 23
\BOOKMARK [1][-]{section.2.1}{\376\377\000E\000v\000o\000l\000u\000t\000i\000o\000n\000\040\000o\000f\000\040\000E\000R\000P\000\040\000\046\000\040\000C\000R\000M\000\040\000S\000y\000s\000t\000e\000m\000s}{chapter.2}% 24
\BOOKMARK [1][-]{section.2.2}{\376\377\000I\000n\000t\000e\000g\000r\000a\000t\000i\000o\000n\000\040\000C\000h\000a\000l\000l\000e\000n\000g\000e\000s}{chapter.2}% 25
\BOOKMARK [2][-]{subsection.2.2.1}{\376\377\000D\000S\000\040\000a\000n\000d\000\040\000C\000o\000n\000s\000i\000s\000t\000e\000n\000c\000y}{section.2.2}% 26
\BOOKMARK [2][-]{subsection.2.2.2}{\376\377\000T\000e\000c\000h\000n\000i\000c\000a\000l\000\040\000B\000a\000r\000r\000i\000e\000r\000s}{section.2.2}% 27
\BOOKMARK [2][-]{subsection.2.2.3}{\376\377\000M\000i\000d\000d\000l\000e\000w\000a\000r\000e\000\040\000S\000o\000l\000u\000t\000i\000o\000n\000s}{section.2.2}% 28
\BOOKMARK [1][-]{section.2.3}{\376\377\000S\000A\000P\000\040\000B\000T\000P\000\040\000\050\000B\000T\000P\000\051\000\040\000a\000s\000\040\000M\000i\000d\000d\000l\000e\000w\000a\000r\000e}{chapter.2}% 29
\BOOKMARK [2][-]{subsection.2.3.1}{\376\377\000R\000o\000l\000e\000\040\000o\000f\000\040\000S\000A\000P\000\040\000B\000T\000P\000\040\000i\000n\000\040\000I\000n\000t\000e\000g\000r\000a\000t\000i\000o\000n}{section.2.3}% 30
\BOOKMARK [2][-]{subsection.2.3.2}{\376\377\000P\000r\000e\000-\000B\000u\000i\000l\000t\000\040\000C\000o\000n\000n\000e\000c\000t\000o\000r\000s\000\040\000a\000n\000d\000\040\000D\000a\000t\000a\000\040\000T\000r\000a\000n\000s\000f\000o\000r\000m\000a\000t\000i\000o\000n\000\040\000T\000o\000o\000l\000s}{section.2.3}% 31
\BOOKMARK [2][-]{subsection.2.3.3}{\376\377\000R\000e\000a\000l\000-\000T\000i\000m\000e\000\040\000D\000a\000t\000a\000\040\000P\000r\000o\000c\000e\000s\000s\000i\000n\000g\000\040\000a\000n\000d\000\040\000A\000n\000a\000l\000y\000t\000i\000c\000s}{section.2.3}% 32
\BOOKMARK [2][-]{subsection.2.3.4}{\376\377\000B\000e\000n\000e\000f\000i\000t\000s\000\040\000o\000f\000\040\000U\000s\000i\000n\000g\000\040\000S\000A\000P\000\040\000B\000T\000P\000\040\000f\000o\000r\000\040\000S\000A\000P\000-\000S\000a\000l\000e\000s\000f\000o\000r\000c\000e\000\040\000I\000n\000t\000e\000g\000r\000a\000t\000i\000o\000n}{section.2.3}% 33
\BOOKMARK [2][-]{subsection.2.3.5}{\376\377\000C\000o\000n\000c\000l\000u\000s\000i\000o\000n}{section.2.3}% 34
\BOOKMARK [1][-]{section.2.4}{\376\377\000S\000y\000n\000c\000h\000r\000o\000n\000i\000z\000i\000n\000g\000\040\000B\000u\000s\000i\000n\000e\000s\000s\000\040\000P\000a\000r\000t\000n\000e\000r\000\040\000D\000a\000t\000a}{chapter.2}% 35
\BOOKMARK [2][-]{subsection.2.4.1}{\376\377\000A\000v\000o\000i\000d\000i\000n\000g\000\040\000D\000u\000p\000l\000i\000c\000a\000t\000e\000\040\000E\000n\000t\000r\000i\000e\000s\000\040\000a\000n\000d\000\040\000M\000a\000i\000n\000t\000a\000i\000n\000i\000n\000g\000\040\000D\000a\000t\000a\000\040\000I\000n\000t\000e\000g\000r\000i\000t\000y}{section.2.4}% 36
\BOOKMARK [2][-]{subsection.2.4.2}{\376\377\000R\000e\000a\000l\000-\000T\000i\000m\000e\000\040\000I\000n\000t\000e\000g\000r\000a\000t\000i\000o\000n\000\040\000v\000i\000a\000\040\000A\000P\000I\000s}{section.2.4}% 37
\BOOKMARK [1][-]{section.2.5}{\376\377\000F\000u\000t\000u\000r\000e\000\040\000T\000r\000e\000n\000d\000s\000\040\000i\000n\000\040\000E\000R\000P\000-\000C\000R\000M\000\040\000I\000n\000t\000e\000g\000r\000a\000t\000i\000o\000n}{chapter.2}% 38
\BOOKMARK [2][-]{subsection.2.5.1}{\376\377\000A\000I\000\040\000a\000n\000d\000\040\000M\000L\000\040\000i\000n\000\040\000D\000a\000t\000a\000\040\000M\000a\000p\000p\000i\000n\000g\000\040\000a\000n\000d\000\040\000T\000r\000a\000n\000s\000f\000o\000r\000m\000a\000t\000i\000o\000n}{section.2.5}% 39
\BOOKMARK [2][-]{subsection.2.5.2}{\376\377\000S\000e\000r\000v\000e\000r\000l\000e\000s\000s\000\040\000I\000n\000t\000e\000g\000r\000a\000t\000i\000o\000n\000\040\000a\000n\000d\000\040\000N\000e\000x\000t\000-\000G\000e\000n\000\040\000M\000i\000d\000d\000l\000e\000w\000a\000r\000e\000\040\000S\000o\000l\000u\000t\000i\000o\000n\000s}{section.2.5}% 40
\BOOKMARK [2][-]{subsection.2.5.3}{\376\377\000R\000e\000g\000u\000l\000a\000t\000o\000r\000y\000\040\000a\000n\000d\000\040\000C\000o\000m\000p\000l\000i\000a\000n\000c\000e\000\040\000C\000o\000n\000s\000i\000d\000e\000r\000a\000t\000i\000o\000n\000s}{section.2.5}% 41
\BOOKMARK [1][-]{section.2.6}{\376\377\000J\000u\000s\000t\000i\000f\000i\000c\000a\000t\000i\000o\000n\000\040\000f\000o\000r\000\040\000u\000s\000i\000n\000g\000\040\000S\000A\000P\000\040\000S\000/\0004\000H\000A\000N\000A\000\040\000a\000n\000d\000\040\000S\000a\000l\000e\000s\000f\000o\000r\000c\000e}{chapter.2}% 42
\BOOKMARK [2][-]{subsection.2.6.1}{\376\377\000S\000A\000P\000\040\000S\000/\0004\000H\000A\000N\000A\040\031\000s\000\040\000M\000a\000r\000k\000e\000t\000\040\000D\000o\000m\000i\000n\000a\000n\000c\000e\000\040\000a\000n\000d\000\040\000F\000i\000n\000a\000n\000c\000i\000a\000l\000\040\000S\000t\000r\000e\000n\000g\000t\000h}{section.2.6}% 43
\BOOKMARK [2][-]{subsection.2.6.2}{\376\377\000S\000a\000l\000e\000s\000f\000o\000r\000c\000e\040\031\000s\000\040\000M\000a\000r\000k\000e\000t\000\040\000L\000e\000a\000d\000e\000r\000s\000h\000i\000p\000\040\000i\000n\000\040\000C\000R\000M}{section.2.6}% 44
\BOOKMARK [2][-]{subsection.2.6.3}{\376\377\000S\000A\000P\000\040\000S\000/\0004\000H\000A\000N\000A\040\031\000s\000\040\000T\000e\000c\000h\000n\000o\000l\000o\000g\000i\000c\000a\000l\000\040\000S\000u\000p\000e\000r\000i\000o\000r\000i\000t\000y}{section.2.6}% 45
\BOOKMARK [2][-]{subsection.2.6.4}{\376\377\000S\000a\000l\000e\000s\000f\000o\000r\000c\000e\040\031\000s\000\040\000T\000e\000c\000h\000n\000o\000l\000o\000g\000i\000c\000a\000l\000\040\000A\000d\000v\000a\000n\000t\000a\000g\000e\000s\000\040\000i\000n\000\040\000C\000R\000M}{section.2.6}% 46
\BOOKMARK [2][-]{subsection.2.6.5}{\376\377\000B\000u\000s\000i\000n\000e\000s\000s\000\040\000P\000r\000o\000c\000e\000s\000s\000\040\000A\000u\000t\000o\000m\000a\000t\000i\000o\000n\000\040\000a\000n\000d\000\040\000A\000I\000\040\000I\000n\000t\000e\000g\000r\000a\000t\000i\000o\000n}{section.2.6}% 47
\BOOKMARK [2][-]{subsection.2.6.6}{\376\377\000S\000t\000a\000t\000i\000s\000t\000i\000c\000a\000l\000\040\000I\000n\000s\000i\000g\000h\000t\000s\000\040\000f\000o\000r\000\040\000S\000a\000l\000e\000s\000f\000o\000r\000c\000e}{section.2.6}% 48
\BOOKMARK [2][-]{subsection.2.6.7}{\376\377\000C\000o\000s\000t\000\040\000E\000f\000f\000i\000c\000i\000e\000n\000c\000y\000\040\000a\000n\000d\000\040\000P\000e\000r\000f\000o\000r\000m\000a\000n\000c\000e\000\040\000G\000a\000i\000n\000s}{section.2.6}% 49
\BOOKMARK [2][-]{subsection.2.6.8}{\376\377\000J\000u\000s\000t\000i\000f\000i\000c\000a\000t\000i\000o\000n\000\040\000f\000o\000r\000\040\000T\000h\000i\000s\000\040\000R\000e\000s\000e\000a\000r\000c\000h}{section.2.6}% 50
\BOOKMARK [1][-]{section.2.7}{\376\377\000C\000o\000n\000c\000l\000u\000s\000i\000o\000n}{chapter.2}% 51
\BOOKMARK [0][-]{chapter.3}{\376\377\000B\000u\000s\000i\000n\000e\000s\000s\000\040\000P\000r\000o\000b\000l\000e\000m\000\040\000\046\000\040\000C\000a\000s\000e\000\040\000A\000n\000a\000l\000y\000s\000i\000s}{}% 52
\BOOKMARK [1][-]{section.3.1}{\376\377\000T\000h\000e\000\040\000C\000h\000a\000l\000l\000e\000n\000g\000e\000\040\000o\000f\000\040\000E\000R\000P\000-\000C\000R\000M\000\040\000I\000n\000t\000e\000g\000r\000a\000t\000i\000o\000n}{chapter.3}% 53
\BOOKMARK [1][-]{section.3.2}{\376\377\000M\000a\000n\000u\000a\000l\000\040\000v\000s\000.\000\040\000A\000u\000t\000o\000m\000a\000t\000e\000d\000\040\000D\000a\000t\000a\000\040\000T\000r\000a\000n\000s\000f\000e\000r\000\040\000i\000n\000\040\000E\000R\000P\000-\000C\000R\000M\000\040\000S\000y\000s\000t\000e\000m\000s}{chapter.3}% 54
\BOOKMARK [2][-]{subsection.3.2.1}{\376\377\000M\000a\000n\000u\000a\000l\000\040\000D\000a\000t\000a\000\040\000T\000r\000a\000n\000s\000f\000e\000r}{section.3.2}% 55
\BOOKMARK [2][-]{subsection.3.2.2}{\376\377\000A\000u\000t\000o\000m\000a\000t\000e\000d\000\040\000D\000a\000t\000a\000\040\000T\000r\000a\000n\000s\000f\000e\000r}{section.3.2}% 56
\BOOKMARK [2][-]{subsection.3.2.3}{\376\377\000C\000h\000a\000l\000l\000e\000n\000g\000e\000s\000\040\000o\000f\000\040\000M\000a\000n\000u\000a\000l\000\040\000D\000a\000t\000a\000\040\000T\000r\000a\000n\000s\000f\000e\000r}{section.3.2}% 57
\BOOKMARK [2][-]{subsection.3.2.4}{\376\377\000A\000d\000v\000a\000n\000t\000a\000g\000e\000s\000\040\000o\000f\000\040\000A\000u\000t\000o\000m\000a\000t\000e\000d\000\040\000T\000r\000a\000n\000s\000f\000e\000r}{section.3.2}% 58
\BOOKMARK [1][-]{section.3.3}{\376\377\000K\000e\000y\000\040\000I\000n\000t\000e\000g\000r\000a\000t\000i\000o\000n\000\040\000I\000s\000s\000u\000e\000s\000\040\000a\000n\000d\000\040\000T\000h\000e\000i\000r\000\040\000B\000u\000s\000i\000n\000e\000s\000s\000\040\000I\000m\000p\000a\000c\000t}{chapter.3}% 59
\BOOKMARK [1][-]{section.3.4}{\376\377\000K\000e\000y\000\040\000I\000n\000t\000e\000g\000r\000a\000t\000i\000o\000n\000\040\000I\000s\000s\000u\000e\000s}{chapter.3}% 60
\BOOKMARK [2][-]{subsection.3.4.1}{\376\377\000A\000P\000I\000\040\000I\000n\000t\000e\000g\000r\000a\000t\000i\000o\000n\000\040\000C\000h\000a\000l\000l\000e\000n\000g\000e\000s}{section.3.4}% 61
\BOOKMARK [2][-]{subsection.3.4.2}{\376\377\000D\000a\000t\000a\000\040\000M\000a\000p\000p\000i\000n\000g\000\040\000C\000h\000a\000l\000l\000e\000n\000g\000e\000s}{section.3.4}% 62
\BOOKMARK [2][-]{subsection.3.4.3}{\376\377\000S\000t\000r\000u\000c\000t\000u\000r\000a\000l\000\040\000D\000i\000f\000f\000e\000r\000e\000n\000c\000e\000s\000\040\000i\000n\000\040\000D\000a\000t\000a\000\040\000M\000o\000d\000e\000l\000s}{section.3.4}% 63
\BOOKMARK [2][-]{subsection.3.4.4}{\376\377\000S\000e\000p\000a\000r\000a\000t\000e\000\040\000D\000a\000t\000a\000b\000a\000s\000e\000s\000\040\000a\000n\000d\000\040\000I\000d\000e\000n\000t\000i\000f\000i\000e\000r\000\040\000C\000o\000n\000f\000l\000i\000c\000t\000s}{section.3.4}% 64
\BOOKMARK [2][-]{subsection.3.4.5}{\376\377\000P\000r\000o\000b\000l\000e\000m\000s\000\040\000A\000r\000i\000s\000i\000n\000g\000\040\000f\000r\000o\000m\000\040\000S\000e\000p\000a\000r\000a\000t\000e\000\040\000D\000a\000t\000a\000b\000a\000s\000e\000s}{section.3.4}% 65
\BOOKMARK [2][-]{subsection.3.4.6}{\376\377\000I\000n\000c\000o\000n\000s\000i\000s\000t\000e\000n\000t\000\040\000B\000u\000s\000i\000n\000e\000s\000s\000\040\000L\000o\000g\000i\000c\000\040\000a\000n\000d\000\040\000W\000o\000r\000k\000f\000l\000o\000w\000\040\000M\000a\000p\000p\000i\000n\000g}{section.3.4}% 66
\BOOKMARK [2][-]{subsection.3.4.7}{\376\377\000C\000h\000a\000l\000l\000e\000n\000g\000e\000s\000\040\000i\000n\000\040\000D\000a\000t\000a\000\040\000F\000o\000r\000m\000a\000t\000\040\000a\000n\000d\000\040\000F\000i\000e\000l\000d\000\040\000M\000a\000p\000p\000i\000n\000g}{section.3.4}% 67
\BOOKMARK [1][-]{section.3.5}{\376\377\000E\000x\000p\000e\000c\000t\000e\000d\000\040\000B\000e\000n\000e\000f\000i\000t\000s\000\040\000o\000f\000\040\000S\000A\000P\000\040\000B\000T\000P\000\040\000I\000n\000t\000e\000g\000r\000a\000t\000i\000o\000n}{chapter.3}% 68
\BOOKMARK [2][-]{subsection.3.5.1}{\376\377\000I\000m\000p\000r\000o\000v\000e\000d\000\040\000P\000r\000o\000d\000u\000c\000t\000i\000v\000i\000t\000y}{section.3.5}% 69
\BOOKMARK [2][-]{subsection.3.5.2}{\376\377\000E\000n\000h\000a\000n\000c\000e\000d\000\040\000D\000a\000t\000a\000\040\000A\000c\000c\000u\000r\000a\000c\000y}{section.3.5}% 70
\BOOKMARK [2][-]{subsection.3.5.3}{\376\377\000B\000e\000t\000t\000e\000r\000\040\000C\000u\000s\000t\000o\000m\000e\000r\000\040\000S\000e\000r\000v\000i\000c\000e}{section.3.5}% 71
\BOOKMARK [2][-]{subsection.3.5.4}{\376\377\000I\000n\000c\000r\000e\000a\000s\000e\000d\000\040\000B\000u\000s\000i\000n\000e\000s\000s\000\040\000A\000g\000i\000l\000i\000t\000y\000\040\000\046\000\040\000F\000l\000e\000x\000i\000b\000i\000l\000i\000t\000y}{section.3.5}% 72
\BOOKMARK [2][-]{subsection.3.5.5}{\376\377\000C\000o\000s\000t\000\040\000S\000a\000v\000i\000n\000g\000s\000\040\000t\000h\000r\000o\000u\000g\000h\000\040\000A\000u\000t\000o\000m\000a\000t\000i\000o\000n}{section.3.5}% 73
\BOOKMARK [2][-]{subsection.3.5.6}{\376\377\000S\000u\000p\000p\000o\000r\000t\000\040\000f\000o\000r\000\040\000H\000y\000b\000r\000i\000d\000\040\000\046\000\040\000M\000u\000l\000t\000i\000-\000C\000l\000o\000u\000d\000\040\000E\000n\000v\000i\000r\000o\000n\000m\000e\000n\000t\000s}{section.3.5}% 74
\BOOKMARK [2][-]{subsection.3.5.7}{\376\377\000S\000c\000a\000l\000a\000b\000i\000l\000i\000t\000y\000\040\000\046\000\040\000F\000u\000t\000u\000r\000e\000-\000P\000r\000o\000o\000f\000i\000n\000g}{section.3.5}% 75
\BOOKMARK [2][-]{subsection.3.5.8}{\376\377\000S\000e\000c\000u\000r\000e\000\040\000\046\000\040\000C\000o\000m\000p\000l\000i\000a\000n\000t\000\040\000D\000a\000t\000a\000\040\000T\000r\000a\000n\000s\000f\000e\000r\000s}{section.3.5}% 76
\BOOKMARK [0][-]{chapter.4}{\376\377\000T\000e\000c\000h\000n\000i\000c\000a\000l\000\040\000I\000m\000p\000l\000e\000m\000e\000n\000t\000a\000t\000i\000o\000n\000\040\000\046\000\040\000S\000o\000l\000u\000t\000i\000o\000n}{}% 77
\BOOKMARK [1][-]{section.4.1}{\376\377\000A\000r\000c\000h\000i\000t\000e\000c\000t\000u\000r\000e\000\040\000O\000v\000e\000r\000v\000i\000e\000w}{chapter.4}% 78
\BOOKMARK [2][-]{subsection.4.1.1}{\376\377\000P\000r\000e\000r\000e\000q\000u\000i\000s\000i\000t\000e\000s}{section.4.1}% 79
\BOOKMARK [2][-]{subsection.4.1.2}{\376\377\000A\000d\000a\000p\000t\000e\000r\000\040\000I\000n\000s\000t\000a\000l\000l\000a\000t\000i\000o\000n\000\040}{section.4.1}% 80
\BOOKMARK [1][-]{section.4.2}{\376\377\000C\000o\000n\000f\000i\000g\000u\000r\000a\000t\000i\000o\000n}{chapter.4}% 81
\BOOKMARK [2][-]{subsection.4.2.1}{\376\377\000C\000o\000n\000f\000i\000g\000u\000r\000a\000t\000i\000o\000n\000\040\000i\000n\000\040\000S\000A\000P\000\040\000S\000/\0004\000H\000A\000N\000A\000\040}{section.4.2}% 82
\BOOKMARK [2][-]{subsection.4.2.2}{\376\377\000C\000o\000n\000f\000i\000g\000u\000r\000a\000t\000i\000o\000n\000\040\000i\000n\000\040\000S\000a\000l\000e\000s\000f\000o\000r\000c\000e\000.\000c\000o\000m\000\040}{section.4.2}% 83
\BOOKMARK [2][-]{subsection.4.2.3}{\376\377\000C\000o\000n\000f\000i\000g\000u\000r\000a\000t\000i\000o\000n\000\040\000i\000n\000\040\000S\000A\000P\000\040\000C\000l\000o\000u\000d\000\040\000P\000l\000a\000t\000f\000o\000r\000m\000\040\000I\000n\000t\000e\000g\000r\000a\000t\000i\000o\000n\000\040}{section.4.2}% 84
\BOOKMARK [0][-]{chapter.5}{\376\377\000I\000n\000t\000e\000g\000r\000a\000t\000i\000o\000n\000\040\000S\000c\000e\000n\000a\000r\000i\000o\000s}{}% 85
\BOOKMARK [1][-]{section.5.1}{\376\377\000O\000v\000e\000r\000v\000i\000e\000w\000\040\000o\000f\000\040\000R\000e\000a\000l\000-\000T\000i\000m\000e\000\040\000I\000n\000t\000e\000g\000r\000a\000t\000i\000o\000n}{chapter.5}% 86
\BOOKMARK [2][-]{subsection.5.1.1}{\376\377\000S\000t\000e\000p\000\040\0001\000:\000\040\000B\000u\000s\000i\000n\000e\000s\000s\000\040\000P\000a\000r\000t\000n\000e\000r\000\040\000C\000r\000e\000a\000t\000i\000o\000n\000\040\000i\000n\000\040\000S\000A\000P\000\040\000S\000/\0004\000H\000A\000N\000A}{section.5.1}% 87
\BOOKMARK [2][-]{subsection.5.1.2}{\376\377\000S\000t\000e\000p\000\040\0002\000:\000\040\000i\000F\000l\000o\000w\000\040\000E\000x\000e\000c\000u\000t\000i\000o\000n\000\040\000i\000n\000\040\000S\000A\000P\000\040\000C\000P\000I}{section.5.1}% 88
\BOOKMARK [2][-]{subsection.5.1.3}{\376\377\000S\000t\000e\000p\000\040\0003\000:\000\040\000L\000o\000g\000i\000n\000\040\000t\000o\000\040\000S\000a\000l\000e\000s\000f\000o\000r\000c\000e\000\040\000a\000n\000d\000\040\000D\000i\000s\000p\000l\000a\000y\000\040\000t\000h\000e\000\040\000T\000r\000a\000n\000s\000f\000e\000r\000r\000e\000d\000\040\000B\000u\000s\000i\000n\000e\000s\000s\000\040\000P\000a\000r\000t\000n\000e\000r\000\040\000a\000s\000\040\000a\000n\000\040\000A\000c\000c\000o\000u\000n\000t}{section.5.1}% 89
\BOOKMARK [1][-]{section.5.2}{\376\377\000E\000r\000r\000o\000r\000\040\000S\000c\000e\000n\000a\000r\000i\000o\000\040\000i\000n\000\040\000i\000F\000l\000o\000w\000\040\000E\000x\000e\000c\000u\000t\000i\000o\000n}{chapter.5}% 90
\BOOKMARK [2][-]{subsection.5.2.1}{\376\377\000I\000n\000t\000e\000n\000t\000i\000o\000n\000a\000l\000\040\000E\000r\000r\000o\000r\000\040\000I\000n\000j\000e\000c\000t\000i\000o\000n\000:\000\040\000E\000x\000p\000i\000r\000e\000d\000\040\000O\000A\000u\000t\000h\000\040\000C\000r\000e\000d\000e\000n\000t\000i\000a\000l\000s}{section.5.2}% 91
\BOOKMARK [2][-]{subsection.5.2.2}{\376\377\000F\000a\000i\000l\000e\000d\000\040\000S\000t\000a\000t\000u\000s\000\040\000i\000n\000\040\000S\000A\000P\000\040\000C\000P\000I\000\040\000M\000o\000n\000i\000t\000o\000r\000\040\000T\000a\000b}{section.5.2}% 92
\BOOKMARK [2][-]{subsection.5.2.3}{\376\377\000A\000n\000a\000l\000y\000z\000i\000n\000g\000\040\000t\000h\000e\000\040\000E\000r\000r\000o\000r\000\040\000L\000o\000g\000s}{section.5.2}% 93
\BOOKMARK [2][-]{subsection.5.2.4}{\376\377\000C\000o\000r\000r\000e\000c\000t\000i\000v\000e\000\040\000M\000e\000a\000s\000u\000r\000e\000s}{section.5.2}% 94
\BOOKMARK [1][-]{section.5.3}{\376\377\000L\000i\000m\000i\000t\000a\000t\000i\000o\000n\000s\000\040\000o\000f\000\040\000t\000h\000e\000\040\000C\000u\000r\000r\000e\000n\000t\000\040\000D\000e\000v\000e\000l\000o\000p\000m\000e\000n\000t}{chapter.5}% 95
\BOOKMARK [2][-]{subsection.5.3.1}{\376\377\000M\000a\000p\000p\000i\000n\000g\000\040\000C\000o\000m\000p\000l\000e\000x\000i\000t\000y\000\040\000i\000n\000\040\000i\000F\000l\000o\000w\000\040\000D\000e\000v\000e\000l\000o\000p\000m\000e\000n\000t}{section.5.3}% 96
\BOOKMARK [2][-]{subsection.5.3.2}{\376\377\000L\000i\000m\000i\000t\000e\000d\000\040\000E\000r\000r\000o\000r\000\040\000M\000e\000s\000s\000a\000g\000e\000\040\000C\000l\000a\000r\000i\000t\000y}{section.5.3}% 97
\BOOKMARK [2][-]{subsection.5.3.3}{\376\377\000T\000r\000i\000a\000l\000\040\000A\000c\000c\000o\000u\000n\000t\000\040\000R\000e\000s\000t\000r\000i\000c\000t\000i\000o\000n\000s\000\040\000a\000n\000d\000\040\000L\000i\000c\000e\000n\000s\000i\000n\000g\000\040\000I\000s\000s\000u\000e\000s}{section.5.3}% 98
\BOOKMARK [0][-]{chapter.6}{\376\377\000C\000o\000n\000c\000l\000u\000s\000i\000o\000n}{}% 99
\BOOKMARK [1][-]{section.6.1}{\376\377\000E\000R\000P\000-\000C\000R\000M\000\040\000I\000n\000t\000e\000g\000r\000a\000t\000i\000o\000n\000:\000\040\000C\000h\000a\000l\000l\000e\000n\000g\000e\000s\000\040\000a\000n\000d\000\040\000S\000o\000l\000u\000t\000i\000o\000n\000s}{chapter.6}% 100
\BOOKMARK [2][-]{subsection.6.1.1}{\376\377\000T\000h\000e\000\040\000N\000e\000c\000e\000s\000s\000i\000t\000y\000\040\000o\000f\000\040\000E\000R\000P\000-\000C\000R\000M\000\040\000I\000n\000t\000e\000g\000r\000a\000t\000i\000o\000n}{section.6.1}% 101
\BOOKMARK [2][-]{subsection.6.1.2}{\376\377\000C\000h\000a\000l\000l\000e\000n\000g\000e\000s\000\040\000i\000n\000\040\000E\000R\000P\000-\000C\000R\000M\000\040\000I\000n\000t\000e\000g\000r\000a\000t\000i\000o\000n}{section.6.1}% 102
\BOOKMARK [2][-]{subsection.6.1.3}{\376\377\000T\000h\000e\000\040\000R\000o\000l\000e\000\040\000o\000f\000\040\000S\000A\000P\000\040\000B\000T\000P\000\040\000I\000n\000t\000e\000g\000r\000a\000t\000i\000o\000n\000\040\000S\000u\000i\000t\000e}{section.6.1}% 103
\BOOKMARK [2][-]{subsection.6.1.4}{\376\377\000I\000m\000p\000l\000e\000m\000e\000n\000t\000a\000t\000i\000o\000n\000\040\000a\000n\000d\000\040\000V\000a\000l\000i\000d\000a\000t\000i\000o\000n}{section.6.1}% 104
\BOOKMARK [2][-]{subsection.6.1.5}{\376\377\000B\000u\000s\000i\000n\000e\000s\000s\000\040\000I\000m\000p\000a\000c\000t\000\040\000a\000n\000d\000\040\000B\000e\000n\000e\000f\000i\000t\000s}{section.6.1}% 105
\BOOKMARK [2][-]{subsection.6.1.6}{\376\377\000F\000u\000t\000u\000r\000e\000\040\000T\000r\000e\000n\000d\000s\000\040\000i\000n\000\040\000E\000R\000P\000-\000C\000R\000M\000\040\000I\000n\000t\000e\000g\000r\000a\000t\000i\000o\000n}{section.6.1}% 106
\BOOKMARK [1][-]{section.6.2}{\376\377\000C\000o\000n\000t\000r\000i\000b\000u\000t\000i\000o\000n\000\040\000o\000f\000\040\000t\000h\000i\000s\000\040\000R\000e\000s\000e\000a\000r\000c\000h}{chapter.6}% 107
\BOOKMARK [2][-]{subsection.6.2.1}{\376\377\000A\000d\000d\000r\000e\000s\000s\000i\000n\000g\000\040\000t\000h\000e\000\040\000G\000a\000p\000\040\000i\000n\000\040\000P\000r\000a\000c\000t\000i\000c\000a\000l\000\040\000I\000m\000p\000l\000e\000m\000e\000n\000t\000a\000t\000i\000o\000n\000\040\000R\000e\000s\000e\000a\000r\000c\000h}{section.6.2}% 108
\BOOKMARK [2][-]{subsection.6.2.2}{\376\377\000D\000e\000m\000o\000n\000s\000t\000r\000a\000t\000i\000n\000g\000\040\000t\000h\000e\000\040\000E\000f\000f\000e\000c\000t\000i\000v\000e\000n\000e\000s\000s\000\040\000o\000f\000\040\000S\000A\000P\000\040\000B\000T\000P\000\040\000I\000n\000t\000e\000g\000r\000a\000t\000i\000o\000n\000\040\000S\000u\000i\000t\000e}{section.6.2}% 109
\BOOKMARK [2][-]{subsection.6.2.3}{\376\377\000P\000r\000o\000v\000i\000d\000i\000n\000g\000\040\000I\000n\000s\000i\000g\000h\000t\000s\000\040\000i\000n\000t\000o\000\040\000D\000S\000\040\000a\000n\000d\000\040\000C\000o\000n\000s\000i\000s\000t\000e\000n\000c\000y}{section.6.2}% 110
\BOOKMARK [2][-]{subsection.6.2.4}{\376\377\000H\000i\000g\000h\000l\000i\000g\000h\000t\000i\000n\000g\000\040\000t\000h\000e\000\040\000I\000m\000p\000o\000r\000t\000a\000n\000c\000e\000\040\000o\000f\000\040\000S\000e\000c\000u\000r\000i\000t\000y\000\040\000a\000n\000d\000\040\000C\000o\000m\000p\000l\000i\000a\000n\000c\000e}{section.6.2}% 111
\BOOKMARK [2][-]{subsection.6.2.5}{\376\377\000\040\000O\000f\000f\000e\000r\000i\000n\000g\000\040\000a\000\040\000F\000r\000a\000m\000e\000w\000o\000r\000k\000\040\000f\000o\000r\000\040\000F\000u\000t\000u\000r\000e\000\040\000R\000e\000s\000e\000a\000r\000c\000h}{section.6.2}% 112
\BOOKMARK [2][-]{subsection.6.2.6}{\376\377\000E\000n\000h\000a\000n\000c\000i\000n\000g\000\040\000B\000u\000s\000i\000n\000e\000s\000s\000\040\000E\000f\000f\000i\000c\000i\000e\000n\000c\000y\000\040\000a\000n\000d\000\040\000C\000u\000s\000t\000o\000m\000e\000r\000\040\000S\000a\000t\000i\000s\000f\000a\000c\000t\000i\000o\000n}{section.6.2}% 113
\BOOKMARK [2][-]{subsection.6.2.7}{\376\377\000P\000r\000o\000v\000i\000d\000i\000n\000g\000\040\000a\000\040\000R\000e\000p\000e\000a\000t\000a\000b\000l\000e\000\040\000F\000r\000a\000m\000e\000w\000o\000r\000k\000\040\000f\000o\000r\000\040\000O\000t\000h\000e\000r\000\040\000E\000n\000t\000e\000r\000p\000r\000i\000s\000e\000s}{section.6.2}% 114
\BOOKMARK [2][-]{subsection.6.2.8}{\376\377\000C\000o\000n\000t\000r\000i\000b\000u\000t\000i\000n\000g\000\040\000t\000o\000\040\000t\000h\000e\000\040\000A\000c\000a\000d\000e\000m\000i\000c\000\040\000L\000i\000t\000e\000r\000a\000t\000u\000r\000e\000\040\000o\000n\000\040\000E\000R\000P\000-\000C\000R\000M\000\040\000I\000n\000t\000e\000g\000r\000a\000t\000i\000o\000n}{section.6.2}% 115
\BOOKMARK [1][-]{section.6.3}{\376\377\0006\000.\0003\000\040\000L\000i\000m\000i\000t\000a\000t\000i\000o\000n\000s\000\040\000o\000f\000\040\000t\000h\000e\000\040\000S\000t\000u\000d\000y}{chapter.6}% 116
\BOOKMARK [2][-]{subsection.6.3.1}{\376\377\000S\000c\000o\000p\000e\000\040\000o\000f\000\040\000I\000n\000t\000e\000g\000r\000a\000t\000i\000o\000n\000\040\000S\000c\000e\000n\000a\000r\000i\000o\000s}{section.6.3}% 117
\BOOKMARK [2][-]{subsection.6.3.2}{\376\377\000C\000o\000m\000p\000l\000e\000x\000i\000t\000y\000\040\000o\000f\000\040\000D\000a\000t\000a\000\040\000M\000a\000p\000p\000i\000n\000g}{section.6.3}% 118
\BOOKMARK [2][-]{subsection.6.3.3}{\376\377\000L\000i\000m\000i\000t\000e\000d\000\040\000E\000r\000r\000o\000r\000\040\000M\000e\000s\000s\000a\000g\000e\000\040\000C\000l\000a\000r\000i\000t\000y}{section.6.3}% 119
\BOOKMARK [2][-]{subsection.6.3.4}{\376\377\000T\000r\000i\000a\000l\000\040\000A\000c\000c\000o\000u\000n\000t\000\040\000R\000e\000s\000t\000r\000i\000c\000t\000i\000o\000n\000s}{section.6.3}% 120
\BOOKMARK [2][-]{subsection.6.3.5}{\376\377\000I\000n\000d\000u\000s\000t\000r\000y\000-\000S\000p\000e\000c\000i\000f\000i\000c\000\040\000C\000o\000n\000s\000i\000d\000e\000r\000a\000t\000i\000o\000n\000s}{section.6.3}% 121
\BOOKMARK [2][-]{subsection.6.3.6}{\376\377\000S\000c\000a\000l\000a\000b\000i\000l\000i\000t\000y\000\040\000a\000n\000d\000\040\000P\000e\000r\000f\000o\000r\000m\000a\000n\000c\000e}{section.6.3}% 122
\BOOKMARK [1][-]{section.6.4}{\376\377\000F\000u\000t\000u\000r\000e\000\040\000R\000e\000s\000e\000a\000r\000c\000h\000\040\000D\000i\000r\000e\000c\000t\000i\000o\000n\000s}{chapter.6}% 123
\BOOKMARK [2][-]{subsection.6.4.1}{\376\377\000E\000x\000p\000a\000n\000s\000i\000o\000n\000\040\000o\000f\000\040\000I\000n\000t\000e\000g\000r\000a\000t\000i\000o\000n\000\040\000S\000c\000e\000n\000a\000r\000i\000o\000s\000\040\000B\000e\000y\000o\000n\000d\000\040\000B\000u\000s\000i\000n\000e\000s\000s\000\040\000P\000a\000r\000t\000n\000e\000r\000s}{section.6.4}% 124
\BOOKMARK [2][-]{subsection.6.4.2}{\376\377\000L\000e\000v\000e\000r\000a\000g\000i\000n\000g\000\040\000A\000r\000t\000i\000f\000i\000c\000i\000a\000l\000\040\000I\000n\000t\000e\000l\000l\000i\000g\000e\000n\000c\000e\000\040\000a\000n\000d\000\040\000M\000L\000\040\000f\000o\000r\000\040\000I\000n\000t\000e\000l\000l\000i\000g\000e\000n\000t\000\040\000D\000a\000t\000a\000\040\000M\000a\000p\000p\000i\000n\000g}{section.6.4}% 125
\BOOKMARK [2][-]{subsection.6.4.3}{\376\377\000E\000n\000h\000a\000n\000c\000e\000m\000e\000n\000t\000\040\000o\000f\000\040\000E\000r\000r\000o\000r\000\040\000H\000a\000n\000d\000l\000i\000n\000g\000\040\000a\000n\000d\000\040\000E\000x\000c\000e\000p\000t\000i\000o\000n\000\040\000M\000a\000n\000a\000g\000e\000m\000e\000n\000t}{section.6.4}% 126
\BOOKMARK [2][-]{subsection.6.4.4}{\376\377\000I\000n\000d\000u\000s\000t\000r\000y\000-\000S\000p\000e\000c\000i\000f\000i\000c\000\040\000E\000R\000P\000-\000C\000R\000M\000\040\000I\000n\000t\000e\000g\000r\000a\000t\000i\000o\000n\000\040\000F\000r\000a\000m\000e\000w\000o\000r\000k\000s}{section.6.4}% 127
\BOOKMARK [2][-]{subsection.6.4.5}{\376\377\000S\000c\000a\000l\000a\000b\000i\000l\000i\000t\000y\000\040\000a\000n\000d\000\040\000P\000e\000r\000f\000o\000r\000m\000a\000n\000c\000e\000\040\000O\000p\000t\000i\000m\000i\000z\000a\000t\000i\000o\000n\000\040\000i\000n\000\040\000L\000a\000r\000g\000e\000-\000S\000c\000a\000l\000e\000\040\000D\000e\000p\000l\000o\000y\000m\000e\000n\000t\000s}{section.6.4}% 128
\BOOKMARK [2][-]{subsection.6.4.6}{\376\377\000S\000t\000r\000e\000n\000g\000t\000h\000e\000n\000i\000n\000g\000\040\000S\000e\000c\000u\000r\000i\000t\000y\000,\000\040\000C\000o\000m\000p\000l\000i\000a\000n\000c\000e\000,\000\040\000a\000n\000d\000\040\000D\000a\000t\000a\000\040\000G\000o\000v\000e\000r\000n\000a\000n\000c\000e}{section.6.4}% 129
\BOOKMARK [2][-]{subsection.6.4.7}{\376\377\000U\000s\000e\000r\000\040\000A\000d\000o\000p\000t\000i\000o\000n\000,\000\040\000C\000h\000a\000n\000g\000e\000\040\000M\000a\000n\000a\000g\000e\000m\000e\000n\000t\000,\000\040\000a\000n\000d\000\040\000O\000r\000g\000a\000n\000i\000z\000a\000t\000i\000o\000n\000a\000l\000\040\000I\000m\000p\000a\000c\000t}{section.6.4}% 130
\BOOKMARK [2][-]{subsection.6.4.8}{\376\377\000E\000x\000p\000l\000o\000r\000i\000n\000g\000\040\000E\000m\000e\000r\000g\000i\000n\000g\000\040\000I\000n\000t\000e\000g\000r\000a\000t\000i\000o\000n\000\040\000T\000e\000c\000h\000n\000o\000l\000o\000g\000i\000e\000s}{section.6.4}% 131
\BOOKMARK [0][-]{chapter.7}{\376\377\000A\000p\000p\000e\000n\000d\000i\000x}{}% 132
\BOOKMARK [1][-]{section.7.1}{\376\377\000A\000p\000p\000e\000n\000d\000i\000x\000\040\000A\000:\000\040\000A\000P\000I\000\040\000C\000o\000n\000f\000i\000g\000u\000r\000a\000t\000i\000o\000n\000\040\000f\000o\000r\000\040\000I\000n\000t\000e\000g\000r\000a\000t\000i\000o\000n}{chapter.7}% 133
\BOOKMARK [1][-]{section.7.2}{\376\377\000A\000p\000p\000e\000n\000d\000i\000x\000\040\000B\000:\000\040\000V\000i\000d\000e\000o\000\040\000D\000e\000m\000o\000n\000s\000t\000r\000a\000t\000i\000o\000n\000\040\000o\000f\000\040\000S\000A\000P\000\040\000S\000/\0004\000H\000A\000N\000A\000\040\000a\000n\000d\000\040\000S\000a\000l\000e\000s\000f\000o\000r\000c\000e\000\040\000I\000n\000t\000e\000g\000r\000a\000t\000i\000o\000n}{chapter.7}% 134
